# JRE version: OpenJDK Runtime Environment (11.0.8) (build 11.0.8+0-b944-P17168821)
# Java VM: OpenJDK 64-Bit Server VM (11.0.8+0-b944-6842174, mixed mode, tiered, compressed oops, g1 gc, linux-amd64)
Heap:
 garbage-first heap   total 561152K, used 237953K [0x0000000080000000, 0x0000000100000000)
  region size 1024K, 3 young (3072K), 3 survivors (3072K)
 Metaspace       used 98136K, capacity 100476K, committed 100684K, reserved 1136640K
  class space    used 12718K, capacity 13633K, committed 13696K, reserved 1048576K
GC Heap History (20 events):
Event: 30,380 GC heap after
{Heap after GC invocations=23 (full 0):
 garbage-first heap   total 281600K, used 130048K [0x0000000080000000, 0x0000000100000000)
  region size 1024K, 2 young (2048K), 2 survivors (2048K)
 Metaspace       used 87659K, capacity 89623K, committed 89932K, reserved 1126400K
  class space    used 11297K, capacity 12050K, committed 12160K, reserved 1048576K
}
Event: 31,570 GC heap before
{Heap before GC invocations=23 (full 0):
 garbage-first heap   total 281600K, used 184320K [0x0000000080000000, 0x0000000100000000)
  region size 1024K, 55 young (56320K), 2 survivors (2048K)
 Metaspace       used 90138K, capacity 92146K, committed 92364K, reserved 1128448K
  class space    used 11710K, capacity 12503K, committed 12544K, reserved 1048576K
}
Event: 31,628 GC heap after
{Heap after GC invocations=24 (full 0):
 garbage-first heap   total 281600K, used 146944K [0x0000000080000000, 0x0000000100000000)
  region size 1024K, 7 young (7168K), 7 survivors (7168K)
 Metaspace       used 90138K, capacity 92146K, committed 92364K, reserved 1128448K
  class space    used 11710K, capacity 12503K, committed 12544K, reserved 1048576K
}
Event: 32,256 GC heap before
{Heap before GC invocations=24 (full 0):
 garbage-first heap   total 281600K, used 194048K [0x0000000080000000, 0x0000000100000000)
  region size 1024K, 54 young (55296K), 7 survivors (7168K)
 Metaspace       used 90665K, capacity 92690K, committed 92876K, reserved 1130496K
  class space    used 11744K, capacity 12535K, committed 12544K, reserved 1048576K
}
Event: 32,385 GC heap after
{Heap after GC invocations=25 (full 0):
 garbage-first heap   total 337920K, used 165888K [0x0000000080000000, 0x0000000100000000)
  region size 1024K, 7 young (7168K), 7 survivors (7168K)
 Metaspace       used 90665K, capacity 92690K, committed 92876K, reserved 1130496K
  class space    used 11744K, capacity 12535K, committed 12544K, reserved 1048576K
}
Event: 33,276 GC heap before
{Heap before GC invocations=25 (full 0):
 garbage-first heap   total 337920K, used 229376K [0x0000000080000000, 0x0000000100000000)
  region size 1024K, 70 young (71680K), 7 survivors (7168K)
 Metaspace       used 91016K, capacity 93025K, committed 93260K, reserved 1130496K
  class space    used 11801K, capacity 12602K, committed 12672K, reserved 1048576K
}
Event: 33,389 GC heap after
{Heap after GC invocations=26 (full 0):
 garbage-first heap   total 337920K, used 187392K [0x0000000080000000, 0x0000000100000000)
  region size 1024K, 9 young (9216K), 9 survivors (9216K)
 Metaspace       used 91016K, capacity 93025K, committed 93260K, reserved 1130496K
  class space    used 11801K, capacity 12602K, committed 12672K, reserved 1048576K
}
Event: 34,507 GC heap before
{Heap before GC invocations=27 (full 0):
 garbage-first heap   total 337920K, used 242688K [0x0000000080000000, 0x0000000100000000)
  region size 1024K, 63 young (64512K), 9 survivors (9216K)
 Metaspace       used 93162K, capacity 95229K, committed 95564K, reserved 1132544K
  class space    used 12077K, capacity 12880K, committed 12928K, reserved 1048576K
}
Event: 34,575 GC heap after
{Heap after GC invocations=28 (full 0):
 garbage-first heap   total 337920K, used 197632K [0x0000000080000000, 0x0000000100000000)
  region size 1024K, 8 young (8192K), 8 survivors (8192K)
 Metaspace       used 93162K, capacity 95229K, committed 95564K, reserved 1132544K
  class space    used 12077K, capacity 12880K, committed 12928K, reserved 1048576K
}
Event: 35,610 GC heap before
{Heap before GC invocations=28 (full 0):
 garbage-first heap   total 337920K, used 250880K [0x0000000080000000, 0x0000000100000000)
  region size 1024K, 61 young (62464K), 8 survivors (8192K)
 Metaspace       used 95142K, capacity 97269K, committed 97612K, reserved 1134592K
  class space    used 12318K, capacity 13149K, committed 13184K, reserved 1048576K
}
Event: 35,662 GC heap after
{Heap after GC invocations=29 (full 0):
 garbage-first heap   total 337920K, used 204288K [0x0000000080000000, 0x0000000100000000)
  region size 1024K, 7 young (7168K), 7 survivors (7168K)
 Metaspace       used 95142K, capacity 97269K, committed 97612K, reserved 1134592K
  class space    used 12318K, capacity 13149K, committed 13184K, reserved 1048576K
}
Event: 36,995 GC heap before
{Heap before GC invocations=29 (full 0):
 garbage-first heap   total 337920K, used 250368K [0x0000000080000000, 0x0000000100000000)
  region size 1024K, 56 young (57344K), 7 survivors (7168K)
 Metaspace       used 96993K, capacity 99244K, committed 99532K, reserved 1134592K
  class space    used 12569K, capacity 13461K, committed 13568K, reserved 1048576K
}
Event: 37,064 GC heap after
{Heap after GC invocations=30 (full 0):
 garbage-first heap   total 425984K, used 205824K [0x0000000080000000, 0x0000000100000000)
  region size 1024K, 6 young (6144K), 6 survivors (6144K)
 Metaspace       used 96993K, capacity 99244K, committed 99532K, reserved 1134592K
  class space    used 12569K, capacity 13461K, committed 13568K, reserved 1048576K
}
Event: 37,716 GC heap before
{Heap before GC invocations=30 (full 0):
 garbage-first heap   total 425984K, used 227328K [0x0000000080000000, 0x0000000100000000)
  region size 1024K, 26 young (26624K), 6 survivors (6144K)
 Metaspace       used 97446K, capacity 99712K, committed 99788K, reserved 1136640K
  class space    used 12650K, capacity 13557K, committed 13568K, reserved 1048576K
}
Event: 37,812 GC heap after
{Heap after GC invocations=31 (full 0):
 garbage-first heap   total 425984K, used 208384K [0x0000000080000000, 0x0000000100000000)
  region size 1024K, 3 young (3072K), 3 survivors (3072K)
 Metaspace       used 97446K, capacity 99712K, committed 99788K, reserved 1136640K
  class space    used 12650K, capacity 13557K, committed 13568K, reserved 1048576K
}
Event: 39,148 GC heap before
{Heap before GC invocations=32 (full 0):
 garbage-first heap   total 425984K, used 221696K [0x0000000080000000, 0x0000000100000000)
  region size 1024K, 18 young (18432K), 3 survivors (3072K)
 Metaspace       used 97680K, capacity 99985K, committed 100172K, reserved 1136640K
  class space    used 12672K, capacity 13602K, committed 13696K, reserved 1048576K
}
Event: 39,216 GC heap after
{Heap after GC invocations=33 (full 0):
 garbage-first heap   total 425984K, used 209888K [0x0000000080000000, 0x0000000100000000)
  region size 1024K, 4 young (4096K), 4 survivors (4096K)
 Metaspace       used 97680K, capacity 99985K, committed 100172K, reserved 1136640K
  class space    used 12672K, capacity 13602K, committed 13696K, reserved 1048576K
}
Event: 42,988 GC heap before
{Heap before GC invocations=34 (full 0):
 garbage-first heap   total 425984K, used 303072K [0x0000000080000000, 0x0000000100000000)
  region size 1024K, 75 young (76800K), 4 survivors (4096K)
 Metaspace       used 98136K, capacity 100476K, committed 100684K, reserved 1136640K
  class space    used 12718K, capacity 13633K, committed 13696K, reserved 1048576K
}
Event: 43,082 GC heap after
{Heap after GC invocations=35 (full 0):
 garbage-first heap   total 425984K, used 236306K [0x0000000080000000, 0x0000000100000000)
  region size 1024K, 10 young (10240K), 10 survivors (10240K)
 Metaspace       used 98136K, capacity 100476K, committed 100684K, reserved 1136640K
  class space    used 12718K, capacity 13633K, committed 13696K, reserved 1048576K
}
Event: 43,149 GC heap before
{Heap before GC invocations=35 (full 0):
 garbage-first heap   total 425984K, used 246546K [0x0000000080000000, 0x0000000100000000)
  region size 1024K, 20 young (20480K), 10 survivors (10240K)
 Metaspace       used 98136K, capacity 100476K, committed 100684K, reserved 1136640K
  class space    used 12718K, capacity 13633K, committed 13696K, reserved 1048576K
}

