# JRE version: OpenJDK Runtime Environment (11.0.8) (build 11.0.8+0-b944-P17168821)
# Java VM: OpenJDK 64-Bit Server VM (11.0.8+0-b944-6842174, mixed mode, tiered, compressed oops, g1 gc, linux-amd64)
Heap:
 garbage-first heap   total 477184K, used 209145K [0x0000000080000000, 0x0000000100000000)
  region size 1024K, 2 young (2048K), 2 survivors (2048K)
 Metaspace       used 149797K, capacity 155518K, committed 155832K, reserved 1185792K
  class space    used 18232K, capacity 20180K, committed 20248K, reserved 1048576K
GC Heap History (20 events):
Event: 20233,298 GC heap after
{Heap after GC invocations=186 (full 1):
 garbage-first heap   total 222208K, used 143144K [0x0000000080000000, 0x0000000100000000)
  region size 1024K, 2 young (2048K), 2 survivors (2048K)
 Metaspace       used 147389K, capacity 153092K, committed 153272K, reserved 1183744K
  class space    used 17995K, capacity 19934K, committed 19992K, reserved 1048576K
}
Event: 20233,515 GC heap before
{Heap before GC invocations=186 (full 1):
 garbage-first heap   total 222208K, used 150312K [0x0000000080000000, 0x0000000100000000)
  region size 1024K, 10 young (10240K), 2 survivors (2048K)
 Metaspace       used 148199K, capacity 153860K, committed 154168K, reserved 1183744K
  class space    used 18061K, capacity 19998K, committed 20120K, reserved 1048576K
}
Event: 20233,545 GC heap after
{Heap after GC invocations=187 (full 1):
 garbage-first heap   total 222208K, used 134285K [0x0000000080000000, 0x0000000100000000)
  region size 1024K, 2 young (2048K), 2 survivors (2048K)
 Metaspace       used 148199K, capacity 153860K, committed 154168K, reserved 1183744K
  class space    used 18061K, capacity 19998K, committed 20120K, reserved 1048576K
}
Event: 20234,603 GC heap before
{Heap before GC invocations=187 (full 1):
 garbage-first heap   total 222208K, used 183437K [0x0000000080000000, 0x0000000100000000)
  region size 1024K, 51 young (52224K), 2 survivors (2048K)
 Metaspace       used 149118K, capacity 154782K, committed 155064K, reserved 1183744K
  class space    used 18165K, capacity 20109K, committed 20248K, reserved 1048576K
}
Event: 20234,625 GC heap after
{Heap after GC invocations=188 (full 1):
 garbage-first heap   total 222208K, used 135024K [0x0000000080000000, 0x0000000100000000)
  region size 1024K, 2 young (2048K), 2 survivors (2048K)
 Metaspace       used 149118K, capacity 154782K, committed 155064K, reserved 1183744K
  class space    used 18165K, capacity 20109K, committed 20248K, reserved 1048576K
}
Event: 20235,612 GC heap before
{Heap before GC invocations=188 (full 1):
 garbage-first heap   total 222208K, used 185200K [0x0000000080000000, 0x0000000100000000)
  region size 1024K, 52 young (53248K), 2 survivors (2048K)
 Metaspace       used 149598K, capacity 155278K, committed 155576K, reserved 1185792K
  class space    used 18219K, capacity 20145K, committed 20248K, reserved 1048576K
}
Event: 20235,655 GC heap after
{Heap after GC invocations=189 (full 1):
 garbage-first heap   total 222208K, used 136570K [0x0000000080000000, 0x0000000100000000)
  region size 1024K, 4 young (4096K), 4 survivors (4096K)
 Metaspace       used 149598K, capacity 155278K, committed 155576K, reserved 1185792K
  class space    used 18219K, capacity 20145K, committed 20248K, reserved 1048576K
}
Event: 20236,261 GC heap before
{Heap before GC invocations=190 (full 1):
 garbage-first heap   total 222208K, used 217466K [0x0000000080000000, 0x0000000100000000)
  region size 1024K, 54 young (55296K), 4 survivors (4096K)
 Metaspace       used 149609K, capacity 155342K, committed 155576K, reserved 1185792K
  class space    used 18219K, capacity 20145K, committed 20248K, reserved 1048576K
}
Event: 20236,315 GC heap after
{Heap after GC invocations=191 (full 1):
 garbage-first heap   total 238592K, used 171785K [0x0000000080000000, 0x0000000100000000)
  region size 1024K, 7 young (7168K), 7 survivors (7168K)
 Metaspace       used 149609K, capacity 155342K, committed 155576K, reserved 1185792K
  class space    used 18219K, capacity 20145K, committed 20248K, reserved 1048576K
}
Event: 20236,337 GC heap before
{Heap before GC invocations=191 (full 1):
 garbage-first heap   total 238592K, used 175881K [0x0000000080000000, 0x0000000100000000)
  region size 1024K, 11 young (11264K), 7 survivors (7168K)
 Metaspace       used 149609K, capacity 155342K, committed 155576K, reserved 1185792K
  class space    used 18219K, capacity 20145K, committed 20248K, reserved 1048576K
}
Event: 20236,356 GC heap after
{Heap after GC invocations=192 (full 1):
 garbage-first heap   total 238592K, used 173550K [0x0000000080000000, 0x0000000100000000)
  region size 1024K, 2 young (2048K), 2 survivors (2048K)
 Metaspace       used 149609K, capacity 155342K, committed 155576K, reserved 1185792K
  class space    used 18219K, capacity 20145K, committed 20248K, reserved 1048576K
}
Event: 20236,474 GC heap before
{Heap before GC invocations=192 (full 1):
 garbage-first heap   total 238592K, used 189934K [0x0000000080000000, 0x0000000100000000)
  region size 1024K, 20 young (20480K), 2 survivors (2048K)
 Metaspace       used 149609K, capacity 155342K, committed 155576K, reserved 1185792K
  class space    used 18219K, capacity 20145K, committed 20248K, reserved 1048576K
}
Event: 20236,556 GC heap after
{Heap after GC invocations=193 (full 1):
 garbage-first heap   total 238592K, used 182119K [0x0000000080000000, 0x0000000100000000)
  region size 1024K, 3 young (3072K), 3 survivors (3072K)
 Metaspace       used 149609K, capacity 155342K, committed 155576K, reserved 1185792K
  class space    used 18219K, capacity 20145K, committed 20248K, reserved 1048576K
}
Event: 20236,778 GC heap before
{Heap before GC invocations=193 (full 1):
 garbage-first heap   total 238592K, used 199527K [0x0000000080000000, 0x0000000100000000)
  region size 1024K, 19 young (19456K), 3 survivors (3072K)
 Metaspace       used 149609K, capacity 155342K, committed 155576K, reserved 1185792K
  class space    used 18219K, capacity 20145K, committed 20248K, reserved 1048576K
}
Event: 20236,869 GC heap after
{Heap after GC invocations=194 (full 1):
 garbage-first heap   total 238592K, used 190713K [0x0000000080000000, 0x0000000100000000)
  region size 1024K, 3 young (3072K), 3 survivors (3072K)
 Metaspace       used 149609K, capacity 155342K, committed 155576K, reserved 1185792K
  class space    used 18219K, capacity 20145K, committed 20248K, reserved 1048576K
}
Event: 20237,142 GC heap before
{Heap before GC invocations=194 (full 1):
 garbage-first heap   total 238592K, used 201977K [0x0000000080000000, 0x0000000100000000)
  region size 1024K, 14 young (14336K), 3 survivors (3072K)
 Metaspace       used 149733K, capacity 155453K, committed 155832K, reserved 1185792K
  class space    used 18231K, capacity 20180K, committed 20248K, reserved 1048576K
}
Event: 20237,194 GC heap after
{Heap after GC invocations=195 (full 1):
 garbage-first heap   total 238592K, used 197881K [0x0000000080000000, 0x0000000100000000)
  region size 1024K, 2 young (2048K), 2 survivors (2048K)
 Metaspace       used 149733K, capacity 155453K, committed 155832K, reserved 1185792K
  class space    used 18231K, capacity 20180K, committed 20248K, reserved 1048576K
}
Event: 20237,452 GC heap before
{Heap before GC invocations=195 (full 1):
 garbage-first heap   total 238592K, used 207097K [0x0000000080000000, 0x0000000100000000)
  region size 1024K, 11 young (11264K), 2 survivors (2048K)
 Metaspace       used 149785K, capacity 155518K, committed 155832K, reserved 1185792K
  class space    used 18231K, capacity 20180K, committed 20248K, reserved 1048576K
}
Event: 20237,499 GC heap after
{Heap after GC invocations=196 (full 1):
 garbage-first heap   total 238592K, used 203513K [0x0000000080000000, 0x0000000100000000)
  region size 1024K, 2 young (2048K), 2 survivors (2048K)
 Metaspace       used 149785K, capacity 155518K, committed 155832K, reserved 1185792K
  class space    used 18231K, capacity 20180K, committed 20248K, reserved 1048576K
}
Event: 20237,727 GC heap before
{Heap before GC invocations=196 (full 1):
 garbage-first heap   total 238592K, used 211705K [0x0000000080000000, 0x0000000100000000)
  region size 1024K, 11 young (11264K), 2 survivors (2048K)
 Metaspace       used 149797K, capacity 155518K, committed 155832K, reserved 1185792K
  class space    used 18232K, capacity 20180K, committed 20248K, reserved 1048576K
}

