# JRE version: OpenJDK Runtime Environment (11.0.8) (build 11.0.8+0-b944-P17168821)
# Java VM: OpenJDK 64-Bit Server VM (11.0.8+0-b944-6842174, mixed mode, tiered, compressed oops, g1 gc, linux-amd64)
Heap:
 garbage-first heap   total 472064K, used 131338K [0x0000000080000000, 0x0000000100000000)
  region size 1024K, 2 young (2048K), 2 survivors (2048K)
 Metaspace       used 104731K, capacity 106866K, committed 107340K, reserved 1142784K
  class space    used 12791K, capacity 13608K, committed 13696K, reserved 1048576K
GC Heap History (20 events):
Event: 1589,792 GC heap after
{Heap after GC invocations=33 (full 0):
 garbage-first heap   total 220160K, used 101723K [0x0000000080000000, 0x0000000100000000)
  region size 1024K, 2 young (2048K), 2 survivors (2048K)
 Metaspace       used 101481K, capacity 103612K, committed 104012K, reserved 1140736K
  class space    used 12351K, capacity 13121K, committed 13184K, reserved 1048576K
}
Event: 1590,047 GC heap before
{Heap before GC invocations=34 (full 0):
 garbage-first heap   total 220160K, used 109915K [0x0000000080000000, 0x0000000100000000)
  region size 1024K, 10 young (10240K), 2 survivors (2048K)
 Metaspace       used 101566K, capacity 103694K, committed 104012K, reserved 1140736K
  class space    used 12363K, capacity 13125K, committed 13184K, reserved 1048576K
}
Event: 1590,060 GC heap after
{Heap after GC invocations=35 (full 0):
 garbage-first heap   total 220160K, used 103320K [0x0000000080000000, 0x0000000100000000)
  region size 1024K, 2 young (2048K), 2 survivors (2048K)
 Metaspace       used 101566K, capacity 103694K, committed 104012K, reserved 1140736K
  class space    used 12363K, capacity 13125K, committed 13184K, reserved 1048576K
}
Event: 1590,305 GC heap before
{Heap before GC invocations=35 (full 0):
 garbage-first heap   total 220160K, used 120728K [0x0000000080000000, 0x0000000100000000)
  region size 1024K, 10 young (10240K), 2 survivors (2048K)
 Metaspace       used 101877K, capacity 104078K, committed 104396K, reserved 1140736K
  class space    used 12389K, capacity 13189K, committed 13312K, reserved 1048576K
}
Event: 1590,324 GC heap after
{Heap after GC invocations=36 (full 0):
 garbage-first heap   total 220160K, used 113009K [0x0000000080000000, 0x0000000100000000)
  region size 1024K, 2 young (2048K), 2 survivors (2048K)
 Metaspace       used 101877K, capacity 104078K, committed 104396K, reserved 1140736K
  class space    used 12389K, capacity 13189K, committed 13312K, reserved 1048576K
}
Event: 1590,592 GC heap before
{Heap before GC invocations=36 (full 0):
 garbage-first heap   total 220160K, used 120177K [0x0000000080000000, 0x0000000100000000)
  region size 1024K, 10 young (10240K), 2 survivors (2048K)
 Metaspace       used 102294K, capacity 104526K, committed 104908K, reserved 1140736K
  class space    used 12438K, capacity 13253K, committed 13312K, reserved 1048576K
}
Event: 1590,614 GC heap after
{Heap after GC invocations=37 (full 0):
 garbage-first heap   total 220160K, used 111904K [0x0000000080000000, 0x0000000100000000)
  region size 1024K, 2 young (2048K), 2 survivors (2048K)
 Metaspace       used 102294K, capacity 104526K, committed 104908K, reserved 1140736K
  class space    used 12438K, capacity 13253K, committed 13312K, reserved 1048576K
}
Event: 1590,739 GC heap before
{Heap before GC invocations=37 (full 0):
 garbage-first heap   total 220160K, used 119072K [0x0000000080000000, 0x0000000100000000)
  region size 1024K, 10 young (10240K), 2 survivors (2048K)
 Metaspace       used 102531K, capacity 104756K, committed 105164K, reserved 1140736K
  class space    used 12474K, capacity 13287K, committed 13312K, reserved 1048576K
}
Event: 1590,747 GC heap after
{Heap after GC invocations=38 (full 0):
 garbage-first heap   total 264192K, used 112145K [0x0000000080000000, 0x0000000100000000)
  region size 1024K, 1 young (1024K), 1 survivors (1024K)
 Metaspace       used 102531K, capacity 104756K, committed 105164K, reserved 1140736K
  class space    used 12474K, capacity 13287K, committed 13312K, reserved 1048576K
}
Event: 1590,977 GC heap before
{Heap before GC invocations=38 (full 0):
 garbage-first heap   total 264192K, used 122385K [0x0000000080000000, 0x0000000100000000)
  region size 1024K, 12 young (12288K), 1 survivors (1024K)
 Metaspace       used 102831K, capacity 105015K, committed 105420K, reserved 1140736K
  class space    used 12499K, capacity 13288K, committed 13312K, reserved 1048576K
}
Event: 1590,982 GC heap after
{Heap after GC invocations=39 (full 0):
 garbage-first heap   total 264192K, used 112156K [0x0000000080000000, 0x0000000100000000)
  region size 1024K, 1 young (1024K), 1 survivors (1024K)
 Metaspace       used 102831K, capacity 105015K, committed 105420K, reserved 1140736K
  class space    used 12499K, capacity 13288K, committed 13312K, reserved 1048576K
}
Event: 1591,542 GC heap before
{Heap before GC invocations=39 (full 0):
 garbage-first heap   total 264192K, used 122396K [0x0000000080000000, 0x0000000100000000)
  region size 1024K, 12 young (12288K), 1 survivors (1024K)
 Metaspace       used 103141K, capacity 105335K, committed 105804K, reserved 1142784K
  class space    used 12544K, capacity 13352K, committed 13440K, reserved 1048576K
}
Event: 1591,567 GC heap after
{Heap after GC invocations=40 (full 0):
 garbage-first heap   total 264192K, used 112317K [0x0000000080000000, 0x0000000100000000)
  region size 1024K, 1 young (1024K), 1 survivors (1024K)
 Metaspace       used 103141K, capacity 105335K, committed 105804K, reserved 1142784K
  class space    used 12544K, capacity 13352K, committed 13440K, reserved 1048576K
}
Event: 1592,507 GC heap before
{Heap before GC invocations=40 (full 0):
 garbage-first heap   total 264192K, used 122557K [0x0000000080000000, 0x0000000100000000)
  region size 1024K, 12 young (12288K), 1 survivors (1024K)
 Metaspace       used 104126K, capacity 106231K, committed 106700K, reserved 1142784K
  class space    used 12700K, capacity 13501K, committed 13568K, reserved 1048576K
}
Event: 1592,541 GC heap after
{Heap after GC invocations=41 (full 0):
 garbage-first heap   total 264192K, used 113045K [0x0000000080000000, 0x0000000100000000)
  region size 1024K, 2 young (2048K), 2 survivors (2048K)
 Metaspace       used 104126K, capacity 106231K, committed 106700K, reserved 1142784K
  class space    used 12700K, capacity 13501K, committed 13568K, reserved 1048576K
}
Event: 1593,023 GC heap before
{Heap before GC invocations=41 (full 0):
 garbage-first heap   total 264192K, used 140693K [0x0000000080000000, 0x0000000100000000)
  region size 1024K, 12 young (12288K), 2 survivors (2048K)
 Metaspace       used 104346K, capacity 106472K, committed 106700K, reserved 1142784K
  class space    used 12736K, capacity 13541K, committed 13568K, reserved 1048576K
}
Event: 1593,061 GC heap after
{Heap after GC invocations=42 (full 0):
 garbage-first heap   total 264192K, used 125077K [0x0000000080000000, 0x0000000100000000)
  region size 1024K, 2 young (2048K), 2 survivors (2048K)
 Metaspace       used 104346K, capacity 106472K, committed 106700K, reserved 1142784K
  class space    used 12736K, capacity 13541K, committed 13568K, reserved 1048576K
}
Event: 1593,432 GC heap before
{Heap before GC invocations=43 (full 0):
 garbage-first heap   total 264192K, used 136341K [0x0000000080000000, 0x0000000100000000)
  region size 1024K, 12 young (12288K), 2 survivors (2048K)
 Metaspace       used 104692K, capacity 106865K, committed 107340K, reserved 1142784K
  class space    used 12791K, capacity 13608K, committed 13696K, reserved 1048576K
}
Event: 1593,492 GC heap after
{Heap after GC invocations=44 (full 0):
 garbage-first heap   total 264192K, used 129024K [0x0000000080000000, 0x0000000100000000)
  region size 1024K, 2 young (2048K), 2 survivors (2048K)
 Metaspace       used 104692K, capacity 106865K, committed 107340K, reserved 1142784K
  class space    used 12791K, capacity 13608K, committed 13696K, reserved 1048576K
}
Event: 1594,252 GC heap before
{Heap before GC invocations=44 (full 0):
 garbage-first heap   total 264192K, used 139264K [0x0000000080000000, 0x0000000100000000)
  region size 1024K, 12 young (12288K), 2 survivors (2048K)
 Metaspace       used 104731K, capacity 106866K, committed 107340K, reserved 1142784K
  class space    used 12791K, capacity 13608K, committed 13696K, reserved 1048576K
}

