# JRE version: OpenJDK Runtime Environment (11.0.8) (build 11.0.8+0-b944-P17168821)
# Java VM: OpenJDK 64-Bit Server VM (11.0.8+0-b944-6842174, mixed mode, tiered, compressed oops, g1 gc, linux-amd64)
Heap:
 garbage-first heap   total 472064K, used 227840K [0x0000000080000000, 0x0000000100000000)
  region size 1024K, 7 young (7168K), 7 survivors (7168K)
 Metaspace       used 113361K, capacity 115706K, committed 116172K, reserved 1150976K
  class space    used 14296K, capacity 15238K, committed 15308K, reserved 1048576K
GC Heap History (20 events):
Event: 25,914 GC heap after
{Heap after GC invocations=20 (full 0):
 garbage-first heap   total 297984K, used 73216K [0x0000000080000000, 0x0000000100000000)
  region size 1024K, 12 young (12288K), 12 survivors (12288K)
 Metaspace       used 82400K, capacity 84207K, committed 84556K, reserved 1122304K
  class space    used 10607K, capacity 11317K, committed 11340K, reserved 1048576K
}
Event: 28,996 GC heap before
{Heap before GC invocations=20 (full 0):
 garbage-first heap   total 297984K, used 198144K [0x0000000080000000, 0x0000000100000000)
  region size 1024K, 129 young (132096K), 12 survivors (12288K)
 Metaspace       used 89354K, capacity 91265K, committed 91468K, reserved 1128448K
  class space    used 11347K, capacity 12061K, committed 12108K, reserved 1048576K
}
Event: 29,039 GC heap after
{Heap after GC invocations=21 (full 0):
 garbage-first heap   total 297984K, used 82911K [0x0000000080000000, 0x0000000100000000)
  region size 1024K, 12 young (12288K), 12 survivors (12288K)
 Metaspace       used 89354K, capacity 91265K, committed 91468K, reserved 1128448K
  class space    used 11347K, capacity 12061K, committed 12108K, reserved 1048576K
}
Event: 31,432 GC heap before
{Heap before GC invocations=21 (full 0):
 garbage-first heap   total 297984K, used 231391K [0x0000000080000000, 0x0000000100000000)
  region size 1024K, 125 young (128000K), 12 survivors (12288K)
 Metaspace       used 98482K, capacity 100548K, committed 100812K, reserved 1136640K
  class space    used 12465K, capacity 13217K, committed 13260K, reserved 1048576K
}
Event: 31,478 GC heap after
{Heap after GC invocations=22 (full 0):
 garbage-first heap   total 297984K, used 120832K [0x0000000080000000, 0x0000000100000000)
  region size 1024K, 20 young (20480K), 20 survivors (20480K)
 Metaspace       used 98482K, capacity 100548K, committed 100812K, reserved 1136640K
  class space    used 12465K, capacity 13217K, committed 13260K, reserved 1048576K
}
Event: 33,089 GC heap before
{Heap before GC invocations=23 (full 0):
 garbage-first heap   total 297984K, used 232448K [0x0000000080000000, 0x0000000100000000)
  region size 1024K, 125 young (128000K), 20 survivors (20480K)
 Metaspace       used 100870K, capacity 102991K, committed 103372K, reserved 1138688K
  class space    used 12861K, capacity 13686K, committed 13772K, reserved 1048576K
}
Event: 33,204 GC heap after
{Heap after GC invocations=24 (full 0):
 garbage-first heap   total 297984K, used 157184K [0x0000000080000000, 0x0000000100000000)
  region size 1024K, 16 young (16384K), 16 survivors (16384K)
 Metaspace       used 100870K, capacity 102991K, committed 103372K, reserved 1138688K
  class space    used 12861K, capacity 13686K, committed 13772K, reserved 1048576K
}
Event: 33,318 GC heap before
{Heap before GC invocations=24 (full 0):
 garbage-first heap   total 297984K, used 162304K [0x0000000080000000, 0x0000000100000000)
  region size 1024K, 21 young (21504K), 16 survivors (16384K)
 Metaspace       used 100877K, capacity 103055K, committed 103372K, reserved 1138688K
  class space    used 12861K, capacity 13686K, committed 13772K, reserved 1048576K
}
Event: 33,399 GC heap after
{Heap after GC invocations=25 (full 0):
 garbage-first heap   total 297984K, used 160768K [0x0000000080000000, 0x0000000100000000)
  region size 1024K, 3 young (3072K), 3 survivors (3072K)
 Metaspace       used 100877K, capacity 103055K, committed 103372K, reserved 1138688K
  class space    used 12861K, capacity 13686K, committed 13772K, reserved 1048576K
}
Event: 34,174 GC heap before
{Heap before GC invocations=25 (full 0):
 garbage-first heap   total 297984K, used 207872K [0x0000000080000000, 0x0000000100000000)
  region size 1024K, 49 young (50176K), 3 survivors (3072K)
 Metaspace       used 101277K, capacity 103407K, committed 103628K, reserved 1138688K
  class space    used 12879K, capacity 13692K, committed 13772K, reserved 1048576K
}
Event: 34,240 GC heap after
{Heap after GC invocations=26 (full 0):
 garbage-first heap   total 297984K, used 182784K [0x0000000080000000, 0x0000000100000000)
  region size 1024K, 7 young (7168K), 7 survivors (7168K)
 Metaspace       used 101277K, capacity 103407K, committed 103628K, reserved 1138688K
  class space    used 12879K, capacity 13692K, committed 13772K, reserved 1048576K
}
Event: 34,866 GC heap before
{Heap before GC invocations=26 (full 0):
 garbage-first heap   total 297984K, used 219648K [0x0000000080000000, 0x0000000100000000)
  region size 1024K, 43 young (44032K), 7 survivors (7168K)
 Metaspace       used 101894K, capacity 104195K, committed 104524K, reserved 1140736K
  class space    used 12939K, capacity 13824K, committed 13900K, reserved 1048576K
}
Event: 34,956 GC heap after
{Heap after GC invocations=27 (full 0):
 garbage-first heap   total 358400K, used 200704K [0x0000000080000000, 0x0000000100000000)
  region size 1024K, 6 young (6144K), 6 survivors (6144K)
 Metaspace       used 101894K, capacity 104195K, committed 104524K, reserved 1140736K
  class space    used 12939K, capacity 13824K, committed 13900K, reserved 1048576K
}
Event: 35,583 GC heap before
{Heap before GC invocations=28 (full 0):
 garbage-first heap   total 358400K, used 229376K [0x0000000080000000, 0x0000000100000000)
  region size 1024K, 36 young (36864K), 6 survivors (6144K)
 Metaspace       used 103482K, capacity 105719K, committed 105932K, reserved 1140736K
  class space    used 13113K, capacity 13970K, committed 14028K, reserved 1048576K
}
Event: 35,675 GC heap after
{Heap after GC invocations=29 (full 0):
 garbage-first heap   total 358400K, used 213504K [0x0000000080000000, 0x0000000100000000)
  region size 1024K, 8 young (8192K), 8 survivors (8192K)
 Metaspace       used 103482K, capacity 105719K, committed 105932K, reserved 1140736K
  class space    used 13113K, capacity 13970K, committed 14028K, reserved 1048576K
}
Event: 37,253 GC heap before
{Heap before GC invocations=29 (full 0):
 garbage-first heap   total 358400K, used 253440K [0x0000000080000000, 0x0000000100000000)
  region size 1024K, 55 young (56320K), 8 survivors (8192K)
 Metaspace       used 108404K, capacity 110865K, committed 111180K, reserved 1146880K
  class space    used 13659K, capacity 14589K, committed 14668K, reserved 1048576K
}
Event: 37,348 GC heap after
{Heap after GC invocations=30 (full 0):
 garbage-first heap   total 358400K, used 212992K [0x0000000080000000, 0x0000000100000000)
  region size 1024K, 7 young (7168K), 7 survivors (7168K)
 Metaspace       used 108404K, capacity 110865K, committed 111180K, reserved 1146880K
  class space    used 13659K, capacity 14589K, committed 14668K, reserved 1048576K
}
Event: 38,201 GC heap before
{Heap before GC invocations=31 (full 0):
 garbage-first heap   total 358400K, used 247808K [0x0000000080000000, 0x0000000100000000)
  region size 1024K, 43 young (44032K), 7 survivors (7168K)
 Metaspace       used 110299K, capacity 112725K, committed 112972K, reserved 1146880K
  class space    used 13881K, capacity 14820K, committed 14924K, reserved 1048576K
}
Event: 38,289 GC heap after
{Heap after GC invocations=32 (full 0):
 garbage-first heap   total 358400K, used 216576K [0x0000000080000000, 0x0000000100000000)
  region size 1024K, 3 young (3072K), 3 survivors (3072K)
 Metaspace       used 110299K, capacity 112725K, committed 112972K, reserved 1146880K
  class space    used 13881K, capacity 14820K, committed 14924K, reserved 1048576K
}
Event: 39,978 GC heap before
{Heap before GC invocations=32 (full 0):
 garbage-first heap   total 358400K, used 273920K [0x0000000080000000, 0x0000000100000000)
  region size 1024K, 52 young (53248K), 3 survivors (3072K)
 Metaspace       used 113361K, capacity 115706K, committed 116172K, reserved 1150976K
  class space    used 14296K, capacity 15238K, committed 15308K, reserved 1048576K
}

