# JRE version: OpenJDK Runtime Environment (11.0.8) (build 11.0.8+0-b944-P17168821)
# Java VM: OpenJDK 64-Bit Server VM (11.0.8+0-b944-6842174, mixed mode, tiered, compressed oops, g1 gc, linux-amd64)
Heap:
 garbage-first heap   total 447488K, used 167936K [0x0000000080000000, 0x0000000100000000)
  region size 1024K, 2 young (2048K), 2 survivors (2048K)
 Metaspace       used 106334K, capacity 108560K, committed 109004K, reserved 1144832K
  class space    used 13145K, capacity 13981K, committed 14080K, reserved 1048576K
GC Heap History (20 events):
Event: 40,780 GC heap after
{Heap after GC invocations=24 (full 0):
 garbage-first heap   total 244736K, used 105472K [0x0000000080000000, 0x0000000100000000)
  region size 1024K, 5 young (5120K), 5 survivors (5120K)
 Metaspace       used 92375K, capacity 94389K, committed 94796K, reserved 1132544K
  class space    used 11411K, capacity 12115K, committed 12160K, reserved 1048576K
}
Event: 41,610 GC heap before
{Heap before GC invocations=24 (full 0):
 garbage-first heap   total 244736K, used 147456K [0x0000000080000000, 0x0000000100000000)
  region size 1024K, 47 young (48128K), 5 survivors (5120K)
 Metaspace       used 93882K, capacity 95862K, committed 96204K, reserved 1132544K
  class space    used 11545K, capacity 12284K, committed 12288K, reserved 1048576K
}
Event: 41,622 GC heap after
{Heap after GC invocations=25 (full 0):
 garbage-first heap   total 244736K, used 102912K [0x0000000080000000, 0x0000000100000000)
  region size 1024K, 1 young (1024K), 1 survivors (1024K)
 Metaspace       used 93882K, capacity 95862K, committed 96204K, reserved 1132544K
  class space    used 11545K, capacity 12284K, committed 12288K, reserved 1048576K
}
Event: 43,534 GC heap before
{Heap before GC invocations=25 (full 0):
 garbage-first heap   total 244736K, used 172544K [0x0000000080000000, 0x0000000100000000)
  region size 1024K, 70 young (71680K), 1 survivors (1024K)
 Metaspace       used 96029K, capacity 98059K, committed 98508K, reserved 1134592K
  class space    used 11750K, capacity 12496K, committed 12544K, reserved 1048576K
}
Event: 43,551 GC heap after
{Heap after GC invocations=26 (full 0):
 garbage-first heap   total 244736K, used 104890K [0x0000000080000000, 0x0000000100000000)
  region size 1024K, 3 young (3072K), 3 survivors (3072K)
 Metaspace       used 96029K, capacity 98059K, committed 98508K, reserved 1134592K
  class space    used 11750K, capacity 12496K, committed 12544K, reserved 1048576K
}
Event: 45,394 GC heap before
{Heap before GC invocations=26 (full 0):
 garbage-first heap   total 244736K, used 177594K [0x0000000080000000, 0x0000000100000000)
  region size 1024K, 75 young (76800K), 3 survivors (3072K)
 Metaspace       used 99438K, capacity 101495K, committed 101964K, reserved 1138688K
  class space    used 12164K, capacity 12926K, committed 12928K, reserved 1048576K
}
Event: 45,445 GC heap after
{Heap after GC invocations=27 (full 0):
 garbage-first heap   total 244736K, used 108284K [0x0000000080000000, 0x0000000100000000)
  region size 1024K, 7 young (7168K), 7 survivors (7168K)
 Metaspace       used 99438K, capacity 101495K, committed 101964K, reserved 1138688K
  class space    used 12164K, capacity 12926K, committed 12928K, reserved 1048576K
}
Event: 47,788 GC heap before
{Heap before GC invocations=27 (full 0):
 garbage-first heap   total 244736K, used 182012K [0x0000000080000000, 0x0000000100000000)
  region size 1024K, 80 young (81920K), 7 survivors (7168K)
 Metaspace       used 100529K, capacity 102662K, committed 102988K, reserved 1138688K
  class space    used 12296K, capacity 13086K, committed 13184K, reserved 1048576K
}
Event: 47,843 GC heap after
{Heap after GC invocations=28 (full 0):
 garbage-first heap   total 244736K, used 111844K [0x0000000080000000, 0x0000000100000000)
  region size 1024K, 8 young (8192K), 8 survivors (8192K)
 Metaspace       used 100529K, capacity 102662K, committed 102988K, reserved 1138688K
  class space    used 12296K, capacity 13086K, committed 13184K, reserved 1048576K
}
Event: 48,314 GC heap before
{Heap before GC invocations=28 (full 0):
 garbage-first heap   total 244736K, used 131300K [0x0000000080000000, 0x0000000100000000)
  region size 1024K, 23 young (23552K), 8 survivors (8192K)
 Metaspace       used 100760K, capacity 102875K, committed 103244K, reserved 1138688K
  class space    used 12320K, capacity 13091K, committed 13184K, reserved 1048576K
}
Event: 48,386 GC heap after
{Heap after GC invocations=29 (full 0):
 garbage-first heap   total 293888K, used 117893K [0x0000000080000000, 0x0000000100000000)
  region size 1024K, 5 young (5120K), 5 survivors (5120K)
 Metaspace       used 100760K, capacity 102875K, committed 103244K, reserved 1138688K
  class space    used 12320K, capacity 13091K, committed 13184K, reserved 1048576K
}
Event: 50,114 GC heap before
{Heap before GC invocations=30 (full 0):
 garbage-first heap   total 293888K, used 229509K [0x0000000080000000, 0x0000000100000000)
  region size 1024K, 102 young (104448K), 5 survivors (5120K)
 Metaspace       used 104074K, capacity 106174K, committed 106444K, reserved 1142784K
  class space    used 12743K, capacity 13531K, committed 13568K, reserved 1048576K
}
Event: 50,231 GC heap after
{Heap after GC invocations=31 (full 0):
 garbage-first heap   total 293888K, used 150168K [0x0000000080000000, 0x0000000100000000)
  region size 1024K, 13 young (13312K), 13 survivors (13312K)
 Metaspace       used 104074K, capacity 106174K, committed 106444K, reserved 1142784K
  class space    used 12743K, capacity 13531K, committed 13568K, reserved 1048576K
}
Event: 50,239 GC heap before
{Heap before GC invocations=31 (full 0):
 garbage-first heap   total 293888K, used 150168K [0x0000000080000000, 0x0000000100000000)
  region size 1024K, 14 young (14336K), 13 survivors (13312K)
 Metaspace       used 104078K, capacity 106174K, committed 106444K, reserved 1142784K
  class space    used 12743K, capacity 13531K, committed 13568K, reserved 1048576K
}
Event: 50,295 GC heap after
{Heap after GC invocations=32 (full 0):
 garbage-first heap   total 293888K, used 145408K [0x0000000080000000, 0x0000000100000000)
  region size 1024K, 1 young (1024K), 1 survivors (1024K)
 Metaspace       used 104078K, capacity 106174K, committed 106444K, reserved 1142784K
  class space    used 12743K, capacity 13531K, committed 13568K, reserved 1048576K
}
Event: 50,407 GC heap before
{Heap before GC invocations=32 (full 0):
 garbage-first heap   total 293888K, used 162816K [0x0000000080000000, 0x0000000100000000)
  region size 1024K, 19 young (19456K), 1 survivors (1024K)
 Metaspace       used 104087K, capacity 106238K, committed 106700K, reserved 1142784K
  class space    used 12743K, capacity 13531K, committed 13568K, reserved 1048576K
}
Event: 50,427 GC heap after
{Heap after GC invocations=33 (full 0):
 garbage-first heap   total 293888K, used 146432K [0x0000000080000000, 0x0000000100000000)
  region size 1024K, 2 young (2048K), 2 survivors (2048K)
 Metaspace       used 104087K, capacity 106238K, committed 106700K, reserved 1142784K
  class space    used 12743K, capacity 13531K, committed 13568K, reserved 1048576K
}
Event: 52,654 GC heap before
{Heap before GC invocations=34 (full 0):
 garbage-first heap   total 293888K, used 226304K [0x0000000080000000, 0x0000000100000000)
  region size 1024K, 80 young (81920K), 2 survivors (2048K)
 Metaspace       used 106276K, capacity 108487K, committed 109004K, reserved 1144832K
  class space    used 13145K, capacity 13981K, committed 14080K, reserved 1048576K
}
Event: 52,803 GC heap after
{Heap after GC invocations=35 (full 0):
 garbage-first heap   total 293888K, used 167539K [0x0000000080000000, 0x0000000100000000)
  region size 1024K, 10 young (10240K), 10 survivors (10240K)
 Metaspace       used 106276K, capacity 108487K, committed 109004K, reserved 1144832K
  class space    used 13145K, capacity 13981K, committed 14080K, reserved 1048576K
}
Event: 52,942 GC heap before
{Heap before GC invocations=35 (full 0):
 garbage-first heap   total 293888K, used 171635K [0x0000000080000000, 0x0000000100000000)
  region size 1024K, 14 young (14336K), 10 survivors (10240K)
 Metaspace       used 106334K, capacity 108560K, committed 109004K, reserved 1144832K
  class space    used 13145K, capacity 13981K, committed 14080K, reserved 1048576K
}

