# JRE version: OpenJDK Runtime Environment (11.0.8) (build 11.0.8+0-b944-P17168821)
# Java VM: OpenJDK 64-Bit Server VM (11.0.8+0-b944-6842174, mixed mode, tiered, compressed oops, g1 gc, linux-amd64)
Heap:
 garbage-first heap   total 580608K, used 235903K [0x0000000080000000, 0x0000000100000000)
  region size 1024K, 4 young (4096K), 4 survivors (4096K)
 Metaspace       used 110251K, capacity 112733K, committed 112920K, reserved 1146880K
  class space    used 13867K, capacity 14824K, committed 14924K, reserved 1048576K
GC Heap History (20 events):
Event: 33,725 GC heap after
{Heap after GC invocations=23 (full 0):
 garbage-first heap   total 239616K, used 88064K [0x0000000080000000, 0x0000000100000000)
  region size 1024K, 10 young (10240K), 10 survivors (10240K)
 Metaspace       used 89538K, capacity 91522K, committed 91672K, reserved 1128448K
  class space    used 11350K, capacity 12062K, committed 12108K, reserved 1048576K
}
Event: 35,889 GC heap before
{Heap before GC invocations=23 (full 0):
 garbage-first heap   total 239616K, used 209920K [0x0000000080000000, 0x0000000100000000)
  region size 1024K, 102 young (104448K), 10 survivors (10240K)
 Metaspace       used 98209K, capacity 100252K, committed 100504K, reserved 1136640K
  class space    used 12406K, capacity 13183K, committed 13260K, reserved 1048576K
}
Event: 35,938 GC heap after
{Heap after GC invocations=24 (full 0):
 garbage-first heap   total 239616K, used 117760K [0x0000000080000000, 0x0000000100000000)
  region size 1024K, 14 young (14336K), 14 survivors (14336K)
 Metaspace       used 98209K, capacity 100252K, committed 100504K, reserved 1136640K
  class space    used 12406K, capacity 13183K, committed 13260K, reserved 1048576K
}
Event: 36,835 GC heap before
{Heap before GC invocations=25 (full 0):
 garbage-first heap   total 239616K, used 179200K [0x0000000080000000, 0x0000000100000000)
  region size 1024K, 71 young (72704K), 14 survivors (14336K)
 Metaspace       used 98748K, capacity 100818K, committed 101016K, reserved 1136640K
  class space    used 12468K, capacity 13222K, committed 13260K, reserved 1048576K
}
Event: 36,918 GC heap after
{Heap after GC invocations=26 (full 0):
 garbage-first heap   total 290816K, used 142336K [0x0000000080000000, 0x0000000100000000)
  region size 1024K, 11 young (11264K), 11 survivors (11264K)
 Metaspace       used 98748K, capacity 100818K, committed 101016K, reserved 1136640K
  class space    used 12468K, capacity 13222K, committed 13260K, reserved 1048576K
}
Event: 37,530 GC heap before
{Heap before GC invocations=26 (full 0):
 garbage-first heap   total 290816K, used 175104K [0x0000000080000000, 0x0000000100000000)
  region size 1024K, 42 young (43008K), 11 survivors (11264K)
 Metaspace       used 99212K, capacity 101280K, committed 101656K, reserved 1138688K
  class space    used 12526K, capacity 13310K, committed 13388K, reserved 1048576K
}
Event: 37,610 GC heap after
{Heap after GC invocations=27 (full 0):
 garbage-first heap   total 290816K, used 153600K [0x0000000080000000, 0x0000000100000000)
  region size 1024K, 6 young (6144K), 6 survivors (6144K)
 Metaspace       used 99212K, capacity 101280K, committed 101656K, reserved 1138688K
  class space    used 12526K, capacity 13310K, committed 13388K, reserved 1048576K
}
Event: 38,197 GC heap before
{Heap before GC invocations=28 (full 0):
 garbage-first heap   total 290816K, used 176128K [0x0000000080000000, 0x0000000100000000)
  region size 1024K, 29 young (29696K), 6 survivors (6144K)
 Metaspace       used 100930K, capacity 103050K, committed 103320K, reserved 1138688K
  class space    used 12849K, capacity 13685K, committed 13772K, reserved 1048576K
}
Event: 38,306 GC heap after
{Heap after GC invocations=29 (full 0):
 garbage-first heap   total 290816K, used 158720K [0x0000000080000000, 0x0000000100000000)
  region size 1024K, 5 young (5120K), 5 survivors (5120K)
 Metaspace       used 100930K, capacity 103050K, committed 103320K, reserved 1138688K
  class space    used 12849K, capacity 13685K, committed 13772K, reserved 1048576K
}
Event: 39,504 GC heap before
{Heap before GC invocations=29 (full 0):
 garbage-first heap   total 290816K, used 208896K [0x0000000080000000, 0x0000000100000000)
  region size 1024K, 54 young (55296K), 5 survivors (5120K)
 Metaspace       used 101540K, capacity 103670K, committed 103832K, reserved 1138688K
  class space    used 12890K, capacity 13694K, committed 13772K, reserved 1048576K
}
Event: 39,576 GC heap after
{Heap after GC invocations=30 (full 0):
 garbage-first heap   total 290816K, used 181760K [0x0000000080000000, 0x0000000100000000)
  region size 1024K, 7 young (7168K), 7 survivors (7168K)
 Metaspace       used 101540K, capacity 103670K, committed 103832K, reserved 1138688K
  class space    used 12890K, capacity 13694K, committed 13772K, reserved 1048576K
}
Event: 40,072 GC heap before
{Heap before GC invocations=31 (full 0):
 garbage-first heap   total 290816K, used 220672K [0x0000000080000000, 0x0000000100000000)
  region size 1024K, 45 young (46080K), 7 survivors (7168K)
 Metaspace       used 102503K, capacity 104765K, committed 104984K, reserved 1140736K
  class space    used 12974K, capacity 13867K, committed 13900K, reserved 1048576K
}
Event: 40,157 GC heap after
{Heap after GC invocations=32 (full 0):
 garbage-first heap   total 356352K, used 201216K [0x0000000080000000, 0x0000000100000000)
  region size 1024K, 6 young (6144K), 6 survivors (6144K)
 Metaspace       used 102503K, capacity 104765K, committed 104984K, reserved 1140736K
  class space    used 12974K, capacity 13867K, committed 13900K, reserved 1048576K
}
Event: 40,545 GC heap before
{Heap before GC invocations=32 (full 0):
 garbage-first heap   total 356352K, used 231936K [0x0000000080000000, 0x0000000100000000)
  region size 1024K, 37 young (37888K), 6 survivors (6144K)
 Metaspace       used 103083K, capacity 105383K, committed 105624K, reserved 1140736K
  class space    used 13043K, capacity 13924K, committed 14028K, reserved 1048576K
}
Event: 40,705 GC heap after
{Heap after GC invocations=33 (full 0):
 garbage-first heap   total 356352K, used 217600K [0x0000000080000000, 0x0000000100000000)
  region size 1024K, 8 young (8192K), 8 survivors (8192K)
 Metaspace       used 103083K, capacity 105383K, committed 105624K, reserved 1140736K
  class space    used 13043K, capacity 13924K, committed 14028K, reserved 1048576K
}
Event: 41,918 GC heap before
{Heap before GC invocations=33 (full 0):
 garbage-first heap   total 356352K, used 255488K [0x0000000080000000, 0x0000000100000000)
  region size 1024K, 43 young (44032K), 8 survivors (8192K)
 Metaspace       used 107658K, capacity 110013K, committed 110232K, reserved 1144832K
  class space    used 13568K, capacity 14499K, committed 14540K, reserved 1048576K
}
Event: 42,054 GC heap after
{Heap after GC invocations=34 (full 0):
 garbage-first heap   total 356352K, used 226304K [0x0000000080000000, 0x0000000100000000)
  region size 1024K, 6 young (6144K), 6 survivors (6144K)
 Metaspace       used 107658K, capacity 110013K, committed 110232K, reserved 1144832K
  class space    used 13568K, capacity 14499K, committed 14540K, reserved 1048576K
}
Event: 42,993 GC heap before
{Heap before GC invocations=34 (full 0):
 garbage-first heap   total 356352K, used 261120K [0x0000000080000000, 0x0000000100000000)
  region size 1024K, 40 young (40960K), 6 survivors (6144K)
 Metaspace       used 109478K, capacity 111899K, committed 112024K, reserved 1146880K
  class space    used 13795K, capacity 14760K, committed 14796K, reserved 1048576K
}
Event: 43,102 GC heap after
{Heap after GC invocations=35 (full 0):
 garbage-first heap   total 356352K, used 230400K [0x0000000080000000, 0x0000000100000000)
  region size 1024K, 5 young (5120K), 5 survivors (5120K)
 Metaspace       used 109478K, capacity 111899K, committed 112024K, reserved 1146880K
  class space    used 13795K, capacity 14760K, committed 14796K, reserved 1048576K
}
Event: 43,979 GC heap before
{Heap before GC invocations=36 (full 0):
 garbage-first heap   total 356352K, used 266240K [0x0000000080000000, 0x0000000100000000)
  region size 1024K, 39 young (39936K), 5 survivors (5120K)
 Metaspace       used 110251K, capacity 112733K, committed 112920K, reserved 1146880K
  class space    used 13867K, capacity 14824K, committed 14924K, reserved 1048576K
}

