# JRE version: OpenJDK Runtime Environment (11.0.8) (build 11.0.8+0-b944-P17168821)
# Java VM: OpenJDK 64-Bit Server VM (11.0.8+0-b944-6842174, mixed mode, tiered, compressed oops, g1 gc, linux-amd64)
Heap:
 garbage-first heap   total 404480K, used 46586K [0x0000000086200000, 0x0000000100000000)
  region size 1024K, 8 young (8192K), 8 survivors (8192K)
 Metaspace       used 58138K, capacity 58885K, committed 59292K, reserved 1101824K
  class space    used 6747K, capacity 7024K, committed 7164K, reserved 1048576K
GC Heap History (20 events):
Event: 2,227 GC heap after
{Heap after GC invocations=7 (full 0):
 garbage-first heap   total 150528K, used 9209K [0x0000000086200000, 0x0000000100000000)
  region size 1024K, 1 young (1024K), 1 survivors (1024K)
 Metaspace       used 18052K, capacity 18267K, committed 18432K, reserved 1064960K
  class space    used 1863K, capacity 1934K, committed 2048K, reserved 1048576K
}
Event: 2,528 GC heap before
{Heap before GC invocations=7 (full 0):
 garbage-first heap   total 150528K, used 19449K [0x0000000086200000, 0x0000000100000000)
  region size 1024K, 11 young (11264K), 1 survivors (1024K)
 Metaspace       used 20641K, capacity 20892K, committed 20992K, reserved 1069056K
  class space    used 2187K, capacity 2259K, committed 2304K, reserved 1048576K
}
Event: 2,532 GC heap after
{Heap after GC invocations=8 (full 0):
 garbage-first heap   total 150528K, used 9586K [0x0000000086200000, 0x0000000100000000)
  region size 1024K, 2 young (2048K), 2 survivors (2048K)
 Metaspace       used 20641K, capacity 20892K, committed 20992K, reserved 1069056K
  class space    used 2187K, capacity 2259K, committed 2304K, reserved 1048576K
}
Event: 2,568 GC heap before
{Heap before GC invocations=8 (full 0):
 garbage-first heap   total 150528K, used 9586K [0x0000000086200000, 0x0000000100000000)
  region size 1024K, 3 young (3072K), 2 survivors (2048K)
 Metaspace       used 20974K, capacity 21185K, committed 21248K, reserved 1069056K
  class space    used 2235K, capacity 2293K, committed 2304K, reserved 1048576K
}
Event: 2,573 GC heap after
{Heap after GC invocations=9 (full 0):
 garbage-first heap   total 183296K, used 9689K [0x0000000086200000, 0x0000000100000000)
  region size 1024K, 1 young (1024K), 1 survivors (1024K)
 Metaspace       used 20974K, capacity 21185K, committed 21248K, reserved 1069056K
  class space    used 2235K, capacity 2293K, committed 2304K, reserved 1048576K
}
Event: 3,084 GC heap before
{Heap before GC invocations=10 (full 0):
 garbage-first heap   total 183296K, used 30169K [0x0000000086200000, 0x0000000100000000)
  region size 1024K, 15 young (15360K), 1 survivors (1024K)
 Metaspace       used 24376K, capacity 24789K, committed 25084K, reserved 1071104K
  class space    used 2578K, capacity 2709K, committed 2812K, reserved 1048576K
}
Event: 3,089 GC heap after
{Heap after GC invocations=11 (full 0):
 garbage-first heap   total 183296K, used 17133K [0x0000000086200000, 0x0000000100000000)
  region size 1024K, 2 young (2048K), 2 survivors (2048K)
 Metaspace       used 24376K, capacity 24789K, committed 25084K, reserved 1071104K
  class space    used 2578K, capacity 2709K, committed 2812K, reserved 1048576K
}
Event: 4,002 GC heap before
{Heap before GC invocations=11 (full 0):
 garbage-first heap   total 183296K, used 36589K [0x0000000086200000, 0x0000000100000000)
  region size 1024K, 21 young (21504K), 2 survivors (2048K)
 Metaspace       used 29605K, capacity 30043K, committed 30460K, reserved 1075200K
  class space    used 3511K, capacity 3703K, committed 3836K, reserved 1048576K
}
Event: 4,020 GC heap after
{Heap after GC invocations=12 (full 0):
 garbage-first heap   total 183296K, used 18806K [0x0000000086200000, 0x0000000100000000)
  region size 1024K, 3 young (3072K), 3 survivors (3072K)
 Metaspace       used 29605K, capacity 30043K, committed 30460K, reserved 1075200K
  class space    used 3511K, capacity 3703K, committed 3836K, reserved 1048576K
}
Event: 4,900 GC heap before
{Heap before GC invocations=12 (full 0):
 garbage-first heap   total 183296K, used 49526K [0x0000000086200000, 0x0000000100000000)
  region size 1024K, 28 young (28672K), 3 survivors (3072K)
 Metaspace       used 32891K, capacity 33377K, committed 33916K, reserved 1079296K
  class space    used 3893K, capacity 4088K, committed 4220K, reserved 1048576K
}
Event: 4,919 GC heap after
{Heap after GC invocations=13 (full 0):
 garbage-first heap   total 183296K, used 24856K [0x0000000086200000, 0x0000000100000000)
  region size 1024K, 4 young (4096K), 4 survivors (4096K)
 Metaspace       used 32891K, capacity 33377K, committed 33916K, reserved 1079296K
  class space    used 3893K, capacity 4088K, committed 4220K, reserved 1048576K
}
Event: 5,405 GC heap before
{Heap before GC invocations=13 (full 0):
 garbage-first heap   total 183296K, used 37144K [0x0000000086200000, 0x0000000100000000)
  region size 1024K, 17 young (17408K), 4 survivors (4096K)
 Metaspace       used 35136K, capacity 35648K, committed 36048K, reserved 1081344K
  class space    used 4118K, capacity 4290K, committed 4348K, reserved 1048576K
}
Event: 5,424 GC heap after
{Heap after GC invocations=14 (full 0):
 garbage-first heap   total 231424K, used 24585K [0x0000000086200000, 0x0000000100000000)
  region size 1024K, 2 young (2048K), 2 survivors (2048K)
 Metaspace       used 35136K, capacity 35648K, committed 36048K, reserved 1081344K
  class space    used 4118K, capacity 4290K, committed 4348K, reserved 1048576K
}
Event: 6,286 GC heap before
{Heap before GC invocations=15 (full 0):
 garbage-first heap   total 231424K, used 51209K [0x0000000086200000, 0x0000000100000000)
  region size 1024K, 28 young (28672K), 2 survivors (2048K)
 Metaspace       used 40266K, capacity 40755K, committed 41372K, reserved 1085440K
  class space    used 4768K, capacity 4966K, committed 5116K, reserved 1048576K
}
Event: 6,307 GC heap after
{Heap after GC invocations=16 (full 0):
 garbage-first heap   total 231424K, used 26375K [0x0000000086200000, 0x0000000100000000)
  region size 1024K, 4 young (4096K), 4 survivors (4096K)
 Metaspace       used 40266K, capacity 40755K, committed 41372K, reserved 1085440K
  class space    used 4768K, capacity 4966K, committed 5116K, reserved 1048576K
}
Event: 7,769 GC heap before
{Heap before GC invocations=16 (full 0):
 garbage-first heap   total 231424K, used 67335K [0x0000000086200000, 0x0000000100000000)
  region size 1024K, 41 young (41984K), 4 survivors (4096K)
 Metaspace       used 45439K, capacity 45936K, committed 46748K, reserved 1091584K
  class space    used 5323K, capacity 5513K, committed 5628K, reserved 1048576K
}
Event: 7,804 GC heap after
{Heap after GC invocations=17 (full 0):
 garbage-first heap   total 231424K, used 31268K [0x0000000086200000, 0x0000000100000000)
  region size 1024K, 5 young (5120K), 5 survivors (5120K)
 Metaspace       used 45439K, capacity 45936K, committed 46748K, reserved 1091584K
  class space    used 5323K, capacity 5513K, committed 5628K, reserved 1048576K
}
Event: 11,641 GC heap before
{Heap before GC invocations=17 (full 0):
 garbage-first heap   total 231424K, used 84516K [0x0000000086200000, 0x0000000100000000)
  region size 1024K, 57 young (58368K), 5 survivors (5120K)
 Metaspace       used 52977K, capacity 53673K, committed 54300K, reserved 1097728K
  class space    used 6204K, capacity 6462K, committed 6524K, reserved 1048576K
}
Event: 11,891 GC heap after
{Heap after GC invocations=18 (full 0):
 garbage-first heap   total 231424K, used 37888K [0x0000000086200000, 0x0000000100000000)
  region size 1024K, 8 young (8192K), 8 survivors (8192K)
 Metaspace       used 52977K, capacity 53673K, committed 54300K, reserved 1097728K
  class space    used 6204K, capacity 6462K, committed 6524K, reserved 1048576K
}
Event: 34,097 GC heap before
{Heap before GC invocations=18 (full 0):
 garbage-first heap   total 231424K, used 94208K [0x0000000086200000, 0x0000000100000000)
  region size 1024K, 63 young (64512K), 8 survivors (8192K)
 Metaspace       used 58138K, capacity 58885K, committed 59292K, reserved 1101824K
  class space    used 6747K, capacity 7024K, committed 7164K, reserved 1048576K
}

