# JRE version: OpenJDK Runtime Environment (11.0.8) (build 11.0.8+0-b944-P17168821)
# Java VM: OpenJDK 64-Bit Server VM (11.0.8+0-b944-6842174, mixed mode, tiered, compressed oops, g1 gc, linux-amd64)
Heap:
 garbage-first heap   total 485376K, used 244992K [0x0000000080000000, 0x0000000100000000)
  region size 1024K, 5 young (5120K), 5 survivors (5120K)
 Metaspace       used 120286K, capacity 123131K, committed 123396K, reserved 1157120K
  class space    used 15216K, capacity 16299K, committed 16332K, reserved 1048576K
GC Heap History (20 events):
Event: 43,277 GC heap after
{Heap after GC invocations=22 (full 0):
 garbage-first heap   total 293888K, used 102286K [0x0000000080000000, 0x0000000100000000)
  region size 1024K, 15 young (15360K), 15 survivors (15360K)
 Metaspace       used 98160K, capacity 100507K, committed 100812K, reserved 1136640K
  class space    used 12449K, capacity 13283K, committed 13312K, reserved 1048576K
}
Event: 45,576 GC heap before
{Heap before GC invocations=23 (full 0):
 garbage-first heap   total 293888K, used 252814K [0x0000000080000000, 0x0000000100000000)
  region size 1024K, 139 young (142336K), 15 survivors (15360K)
 Metaspace       used 103336K, capacity 105712K, committed 105860K, reserved 1140736K
  class space    used 13199K, capacity 14080K, committed 14156K, reserved 1048576K
}
Event: 45,731 GC heap after
{Heap after GC invocations=24 (full 0):
 garbage-first heap   total 307200K, used 154624K [0x0000000080000000, 0x0000000100000000)
  region size 1024K, 18 young (18432K), 18 survivors (18432K)
 Metaspace       used 103336K, capacity 105712K, committed 105860K, reserved 1140736K
  class space    used 13199K, capacity 14080K, committed 14156K, reserved 1048576K
}
Event: 46,052 GC heap before
{Heap before GC invocations=24 (full 0):
 garbage-first heap   total 307200K, used 168960K [0x0000000080000000, 0x0000000100000000)
  region size 1024K, 32 young (32768K), 18 survivors (18432K)
 Metaspace       used 103367K, capacity 105712K, committed 105860K, reserved 1140736K
  class space    used 13199K, capacity 14080K, committed 14156K, reserved 1048576K
}
Event: 46,120 GC heap after
{Heap after GC invocations=25 (full 0):
 garbage-first heap   total 307200K, used 160256K [0x0000000080000000, 0x0000000100000000)
  region size 1024K, 4 young (4096K), 4 survivors (4096K)
 Metaspace       used 103367K, capacity 105712K, committed 105860K, reserved 1140736K
  class space    used 13199K, capacity 14080K, committed 14156K, reserved 1048576K
}
Event: 47,512 GC heap before
{Heap before GC invocations=26 (full 0):
 garbage-first heap   total 307200K, used 237056K [0x0000000080000000, 0x0000000100000000)
  region size 1024K, 79 young (80896K), 4 survivors (4096K)
 Metaspace       used 104034K, capacity 106339K, committed 106628K, reserved 1142784K
  class space    used 13227K, capacity 14089K, committed 14156K, reserved 1048576K
}
Event: 47,649 GC heap after
{Heap after GC invocations=27 (full 0):
 garbage-first heap   total 307200K, used 197632K [0x0000000080000000, 0x0000000100000000)
  region size 1024K, 10 young (10240K), 10 survivors (10240K)
 Metaspace       used 104034K, capacity 106339K, committed 106628K, reserved 1142784K
  class space    used 13227K, capacity 14089K, committed 14156K, reserved 1048576K
}
Event: 48,564 GC heap before
{Heap before GC invocations=27 (full 0):
 garbage-first heap   total 307200K, used 239616K [0x0000000080000000, 0x0000000100000000)
  region size 1024K, 53 young (54272K), 10 survivors (10240K)
 Metaspace       used 106922K, capacity 109360K, committed 109572K, reserved 1144832K
  class space    used 13557K, capacity 14496K, committed 14540K, reserved 1048576K
}
Event: 48,694 GC heap after
{Heap after GC invocations=28 (full 0):
 garbage-first heap   total 307200K, used 214016K [0x0000000080000000, 0x0000000100000000)
  region size 1024K, 7 young (7168K), 7 survivors (7168K)
 Metaspace       used 106922K, capacity 109360K, committed 109572K, reserved 1144832K
  class space    used 13557K, capacity 14496K, committed 14540K, reserved 1048576K
}
Event: 49,648 GC heap before
{Heap before GC invocations=28 (full 0):
 garbage-first heap   total 307200K, used 249855K [0x0000000080000000, 0x0000000100000000)
  region size 1024K, 40 young (40960K), 7 survivors (7168K)
 Metaspace       used 110285K, capacity 112841K, committed 113156K, reserved 1146880K
  class space    used 13905K, capacity 14925K, committed 15052K, reserved 1048576K
}
Event: 49,730 GC heap after
{Heap after GC invocations=29 (full 0):
 garbage-first heap   total 387072K, used 223232K [0x0000000080000000, 0x0000000100000000)
  region size 1024K, 5 young (5120K), 5 survivors (5120K)
 Metaspace       used 110285K, capacity 112841K, committed 113156K, reserved 1146880K
  class space    used 13905K, capacity 14925K, committed 15052K, reserved 1048576K
}
Event: 51,060 GC heap before
{Heap before GC invocations=29 (full 0):
 garbage-first heap   total 387072K, used 266240K [0x0000000080000000, 0x0000000100000000)
  region size 1024K, 57 young (58368K), 5 survivors (5120K)
 Metaspace       used 113146K, capacity 115746K, committed 115972K, reserved 1150976K
  class space    used 14268K, capacity 15248K, committed 15308K, reserved 1048576K
}
Event: 51,196 GC heap after
{Heap after GC invocations=30 (full 0):
 garbage-first heap   total 387072K, used 218624K [0x0000000080000000, 0x0000000100000000)
  region size 1024K, 5 young (5120K), 5 survivors (5120K)
 Metaspace       used 113146K, capacity 115746K, committed 115972K, reserved 1150976K
  class space    used 14268K, capacity 15248K, committed 15308K, reserved 1048576K
}
Event: 51,644 GC heap before
{Heap before GC invocations=31 (full 0):
 garbage-first heap   total 387072K, used 236032K [0x0000000080000000, 0x0000000100000000)
  region size 1024K, 23 young (23552K), 5 survivors (5120K)
 Metaspace       used 113632K, capacity 116258K, committed 116612K, reserved 1150976K
  class space    used 14324K, capacity 15312K, committed 15436K, reserved 1048576K
}
Event: 51,679 GC heap after
{Heap after GC invocations=32 (full 0):
 garbage-first heap   total 387072K, used 220330K [0x0000000080000000, 0x0000000100000000)
  region size 1024K, 6 young (6144K), 6 survivors (6144K)
 Metaspace       used 113632K, capacity 116258K, committed 116612K, reserved 1150976K
  class space    used 14324K, capacity 15312K, committed 15436K, reserved 1048576K
}
Event: 53,573 GC heap before
{Heap before GC invocations=32 (full 0):
 garbage-first heap   total 387072K, used 278698K [0x0000000080000000, 0x0000000100000000)
  region size 1024K, 59 young (60416K), 6 survivors (6144K)
 Metaspace       used 116897K, capacity 119538K, committed 119812K, reserved 1153024K
  class space    used 14739K, capacity 15740K, committed 15820K, reserved 1048576K
}
Event: 53,705 GC heap after
{Heap after GC invocations=33 (full 0):
 garbage-first heap   total 387072K, used 230032K [0x0000000080000000, 0x0000000100000000)
  region size 1024K, 8 young (8192K), 8 survivors (8192K)
 Metaspace       used 116897K, capacity 119538K, committed 119812K, reserved 1153024K
  class space    used 14739K, capacity 15740K, committed 15820K, reserved 1048576K
}
Event: 54,380 GC heap before
{Heap before GC invocations=34 (full 0):
 garbage-first heap   total 387072K, used 240272K [0x0000000080000000, 0x0000000100000000)
  region size 1024K, 19 young (19456K), 8 survivors (8192K)
 Metaspace       used 117481K, capacity 120114K, committed 120580K, reserved 1155072K
  class space    used 14799K, capacity 15804K, committed 15820K, reserved 1048576K
}
Event: 54,474 GC heap after
{Heap after GC invocations=35 (full 0):
 garbage-first heap   total 387072K, used 230656K [0x0000000080000000, 0x0000000100000000)
  region size 1024K, 1 young (1024K), 1 survivors (1024K)
 Metaspace       used 117481K, capacity 120114K, committed 120580K, reserved 1155072K
  class space    used 14799K, capacity 15804K, committed 15820K, reserved 1048576K
}
Event: 58,205 GC heap before
{Heap before GC invocations=36 (full 0):
 garbage-first heap   total 387072K, used 290048K [0x0000000080000000, 0x0000000100000000)
  region size 1024K, 51 young (52224K), 1 survivors (1024K)
 Metaspace       used 120286K, capacity 123131K, committed 123396K, reserved 1157120K
  class space    used 15216K, capacity 16299K, committed 16332K, reserved 1048576K
}

