# JRE version: OpenJDK Runtime Environment (11.0.8) (build 11.0.8+0-b944-P17168821)
# Java VM: OpenJDK 64-Bit Server VM (11.0.8+0-b944-6842174, mixed mode, tiered, compressed oops, g1 gc, linux-amd64)
Heap:
 garbage-first heap   total 499712K, used 228352K [0x0000000080000000, 0x0000000100000000)
  region size 1024K, 2 young (2048K), 2 survivors (2048K)
 Metaspace       used 113079K, capacity 115697K, committed 115972K, reserved 1150976K
  class space    used 14302K, capacity 15335K, committed 15384K, reserved 1048576K
GC Heap History (20 events):
Event: 24,121 GC heap after
{Heap after GC invocations=20 (full 0):
 garbage-first heap   total 227328K, used 71118K [0x0000000080000000, 0x0000000100000000)
  region size 1024K, 12 young (12288K), 12 survivors (12288K)
 Metaspace       used 80528K, capacity 82324K, committed 82636K, reserved 1120256K
  class space    used 10361K, capacity 11088K, committed 11212K, reserved 1048576K
}
Event: 26,021 GC heap before
{Heap before GC invocations=20 (full 0):
 garbage-first heap   total 227328K, used 168398K [0x0000000080000000, 0x0000000100000000)
  region size 1024K, 108 young (110592K), 12 survivors (12288K)
 Metaspace       used 84504K, capacity 86388K, committed 86604K, reserved 1124352K
  class space    used 10861K, capacity 11576K, committed 11596K, reserved 1048576K
}
Event: 26,059 GC heap after
{Heap after GC invocations=21 (full 0):
 garbage-first heap   total 227328K, used 75673K [0x0000000080000000, 0x0000000100000000)
  region size 1024K, 10 young (10240K), 10 survivors (10240K)
 Metaspace       used 84504K, capacity 86388K, committed 86604K, reserved 1124352K
  class space    used 10861K, capacity 11576K, committed 11596K, reserved 1048576K
}
Event: 29,832 GC heap before
{Heap before GC invocations=21 (full 0):
 garbage-first heap   total 227328K, used 178073K [0x0000000080000000, 0x0000000100000000)
  region size 1024K, 106 young (108544K), 10 survivors (10240K)
 Metaspace       used 89358K, capacity 91577K, committed 91852K, reserved 1128448K
  class space    used 11526K, capacity 12373K, committed 12492K, reserved 1048576K
}
Event: 29,884 GC heap after
{Heap after GC invocations=22 (full 0):
 garbage-first heap   total 273408K, used 84480K [0x0000000080000000, 0x0000000100000000)
  region size 1024K, 10 young (10240K), 10 survivors (10240K)
 Metaspace       used 89358K, capacity 91577K, committed 91852K, reserved 1128448K
  class space    used 11526K, capacity 12373K, committed 12492K, reserved 1048576K
}
Event: 32,204 GC heap before
{Heap before GC invocations=22 (full 0):
 garbage-first heap   total 273408K, used 207360K [0x0000000080000000, 0x0000000100000000)
  region size 1024K, 117 young (119808K), 10 survivors (10240K)
 Metaspace       used 98500K, capacity 100746K, committed 100820K, reserved 1136640K
  class space    used 12502K, capacity 13380K, committed 13388K, reserved 1048576K
}
Event: 32,273 GC heap after
{Heap after GC invocations=23 (full 0):
 garbage-first heap   total 273408K, used 105472K [0x0000000080000000, 0x0000000100000000)
  region size 1024K, 16 young (16384K), 16 survivors (16384K)
 Metaspace       used 98500K, capacity 100746K, committed 100820K, reserved 1136640K
  class space    used 12502K, capacity 13380K, committed 13388K, reserved 1048576K
}
Event: 33,987 GC heap before
{Heap before GC invocations=24 (full 0):
 garbage-first heap   total 273408K, used 238592K [0x0000000080000000, 0x0000000100000000)
  region size 1024K, 123 young (125952K), 16 survivors (16384K)
 Metaspace       used 101632K, capacity 103941K, committed 104196K, reserved 1140736K
  class space    used 12900K, capacity 13806K, committed 13848K, reserved 1048576K
}
Event: 34,166 GC heap after
{Heap after GC invocations=25 (full 0):
 garbage-first heap   total 288768K, used 152528K [0x0000000080000000, 0x0000000100000000)
  region size 1024K, 16 young (16384K), 16 survivors (16384K)
 Metaspace       used 101632K, capacity 103941K, committed 104196K, reserved 1140736K
  class space    used 12900K, capacity 13806K, committed 13848K, reserved 1048576K
}
Event: 34,507 GC heap before
{Heap before GC invocations=25 (full 0):
 garbage-first heap   total 288768K, used 165840K [0x0000000080000000, 0x0000000100000000)
  region size 1024K, 29 young (29696K), 16 survivors (16384K)
 Metaspace       used 102910K, capacity 105227K, committed 105604K, reserved 1140736K
  class space    used 13178K, capacity 14105K, committed 14232K, reserved 1048576K
}
Event: 34,566 GC heap after
{Heap after GC invocations=26 (full 0):
 garbage-first heap   total 288768K, used 155136K [0x0000000080000000, 0x0000000100000000)
  region size 1024K, 2 young (2048K), 2 survivors (2048K)
 Metaspace       used 102910K, capacity 105227K, committed 105604K, reserved 1140736K
  class space    used 13178K, capacity 14105K, committed 14232K, reserved 1048576K
}
Event: 35,929 GC heap before
{Heap before GC invocations=27 (full 0):
 garbage-first heap   total 288768K, used 225792K [0x0000000080000000, 0x0000000100000000)
  region size 1024K, 71 young (72704K), 2 survivors (2048K)
 Metaspace       used 103689K, capacity 105976K, committed 106372K, reserved 1140736K
  class space    used 13224K, capacity 14114K, committed 14232K, reserved 1048576K
}
Event: 36,020 GC heap after
{Heap after GC invocations=28 (full 0):
 garbage-first heap   total 363520K, used 188416K [0x0000000080000000, 0x0000000100000000)
  region size 1024K, 9 young (9216K), 9 survivors (9216K)
 Metaspace       used 103689K, capacity 105976K, committed 106372K, reserved 1140736K
  class space    used 13224K, capacity 14114K, committed 14232K, reserved 1048576K
}
Event: 36,844 GC heap before
{Heap before GC invocations=28 (full 0):
 garbage-first heap   total 363520K, used 246784K [0x0000000080000000, 0x0000000100000000)
  region size 1024K, 68 young (69632K), 9 survivors (9216K)
 Metaspace       used 105418K, capacity 107919K, committed 108164K, reserved 1142784K
  class space    used 13405K, capacity 14377K, committed 14488K, reserved 1048576K
}
Event: 36,944 GC heap after
{Heap after GC invocations=29 (full 0):
 garbage-first heap   total 363520K, used 216576K [0x0000000080000000, 0x0000000100000000)
  region size 1024K, 11 young (11264K), 11 survivors (11264K)
 Metaspace       used 105418K, capacity 107919K, committed 108164K, reserved 1142784K
  class space    used 13405K, capacity 14377K, committed 14488K, reserved 1048576K
}
Event: 38,680 GC heap before
{Heap before GC invocations=29 (full 0):
 garbage-first heap   total 363520K, used 266752K [0x0000000080000000, 0x0000000100000000)
  region size 1024K, 68 young (69632K), 11 survivors (11264K)
 Metaspace       used 110748K, capacity 113264K, committed 113412K, reserved 1146880K
  class space    used 14014K, capacity 15041K, committed 15128K, reserved 1048576K
}
Event: 38,815 GC heap after
{Heap after GC invocations=30 (full 0):
 garbage-first heap   total 363520K, used 217088K [0x0000000080000000, 0x0000000100000000)
  region size 1024K, 9 young (9216K), 9 survivors (9216K)
 Metaspace       used 110748K, capacity 113264K, committed 113412K, reserved 1146880K
  class space    used 14014K, capacity 15041K, committed 15128K, reserved 1048576K
}
Event: 40,123 GC heap before
{Heap before GC invocations=31 (full 0):
 garbage-first heap   total 363520K, used 271360K [0x0000000080000000, 0x0000000100000000)
  region size 1024K, 57 young (58368K), 9 survivors (9216K)
 Metaspace       used 112717K, capacity 115345K, committed 115716K, reserved 1148928K
  class space    used 14255K, capacity 15303K, committed 15384K, reserved 1048576K
}
Event: 40,267 GC heap after
{Heap after GC invocations=32 (full 0):
 garbage-first heap   total 363520K, used 228224K [0x0000000080000000, 0x0000000100000000)
  region size 1024K, 5 young (5120K), 5 survivors (5120K)
 Metaspace       used 112717K, capacity 115345K, committed 115716K, reserved 1148928K
  class space    used 14255K, capacity 15303K, committed 15384K, reserved 1048576K
}
Event: 40,548 GC heap before
{Heap before GC invocations=32 (full 0):
 garbage-first heap   total 363520K, used 241536K [0x0000000080000000, 0x0000000100000000)
  region size 1024K, 17 young (17408K), 5 survivors (5120K)
 Metaspace       used 113079K, capacity 115697K, committed 115972K, reserved 1150976K
  class space    used 14302K, capacity 15335K, committed 15384K, reserved 1048576K
}

