# JRE version: OpenJDK Runtime Environment (11.0.8) (build 11.0.8+0-b944-P17168821)
# Java VM: OpenJDK 64-Bit Server VM (11.0.8+0-b944-6842174, mixed mode, tiered, compressed oops, g1 gc, linux-amd64)
Heap:
 garbage-first heap   total 358400K, used 224475K [0x0000000080000000, 0x0000000100000000)
  region size 1024K, 1 young (1024K), 1 survivors (1024K)
 Metaspace       used 106229K, capacity 108624K, committed 108976K, reserved 1144832K
  class space    used 13498K, capacity 14428K, committed 14540K, reserved 1048576K
GC Heap History (20 events):
Event: 184,454 GC heap after
{Heap after GC invocations=29 (full 0):
 garbage-first heap   total 264192K, used 152873K [0x0000000080000000, 0x0000000100000000)
  region size 1024K, 6 young (6144K), 6 survivors (6144K)
 Metaspace       used 102984K, capacity 105296K, committed 105648K, reserved 1140736K
  class space    used 13154K, capacity 14022K, committed 14028K, reserved 1048576K
}
Event: 185,729 GC heap before
{Heap before GC invocations=29 (full 0):
 garbage-first heap   total 264192K, used 196905K [0x0000000080000000, 0x0000000100000000)
  region size 1024K, 47 young (48128K), 6 survivors (6144K)
 Metaspace       used 103348K, capacity 105671K, committed 106032K, reserved 1140736K
  class space    used 13186K, capacity 14037K, committed 14156K, reserved 1048576K
}
Event: 185,799 GC heap after
{Heap after GC invocations=30 (full 0):
 garbage-first heap   total 264192K, used 174390K [0x0000000080000000, 0x0000000100000000)
  region size 1024K, 6 young (6144K), 6 survivors (6144K)
 Metaspace       used 103348K, capacity 105671K, committed 106032K, reserved 1140736K
  class space    used 13186K, capacity 14037K, committed 14156K, reserved 1048576K
}
Event: 186,540 GC heap before
{Heap before GC invocations=31 (full 0):
 garbage-first heap   total 264192K, used 206134K [0x0000000080000000, 0x0000000100000000)
  region size 1024K, 38 young (38912K), 6 survivors (6144K)
 Metaspace       used 103548K, capacity 105870K, committed 106288K, reserved 1140736K
  class space    used 13201K, capacity 14080K, committed 14156K, reserved 1048576K
}
Event: 186,697 GC heap after
{Heap after GC invocations=32 (full 0):
 garbage-first heap   total 264192K, used 192000K [0x0000000080000000, 0x0000000100000000)
  region size 1024K, 5 young (5120K), 5 survivors (5120K)
 Metaspace       used 103548K, capacity 105870K, committed 106288K, reserved 1140736K
  class space    used 13201K, capacity 14080K, committed 14156K, reserved 1048576K
}
Event: 187,039 GC heap before
{Heap before GC invocations=32 (full 0):
 garbage-first heap   total 264192K, used 213504K [0x0000000080000000, 0x0000000100000000)
  region size 1024K, 26 young (26624K), 5 survivors (5120K)
 Metaspace       used 103595K, capacity 105937K, committed 106288K, reserved 1140736K
  class space    used 13201K, capacity 14081K, committed 14156K, reserved 1048576K
}
Event: 187,117 GC heap after
{Heap after GC invocations=33 (full 0):
 garbage-first heap   total 264192K, used 202240K [0x0000000080000000, 0x0000000100000000)
  region size 1024K, 4 young (4096K), 4 survivors (4096K)
 Metaspace       used 103595K, capacity 105937K, committed 106288K, reserved 1140736K
  class space    used 13201K, capacity 14081K, committed 14156K, reserved 1048576K
}
Event: 187,679 GC heap before
{Heap before GC invocations=33 (full 0):
 garbage-first heap   total 264192K, used 218624K [0x0000000080000000, 0x0000000100000000)
  region size 1024K, 20 young (20480K), 4 survivors (4096K)
 Metaspace       used 103664K, capacity 106036K, committed 106288K, reserved 1140736K
  class space    used 13209K, capacity 14114K, committed 14156K, reserved 1048576K
}
Event: 187,810 GC heap after
{Heap after GC invocations=34 (full 0):
 garbage-first heap   total 264192K, used 209408K [0x0000000080000000, 0x0000000100000000)
  region size 1024K, 3 young (3072K), 3 survivors (3072K)
 Metaspace       used 103664K, capacity 106036K, committed 106288K, reserved 1140736K
  class space    used 13209K, capacity 14114K, committed 14156K, reserved 1048576K
}
Event: 189,915 GC heap before
{Heap before GC invocations=34 (full 0):
 garbage-first heap   total 264192K, used 220672K [0x0000000080000000, 0x0000000100000000)
  region size 1024K, 15 young (15360K), 3 survivors (3072K)
 Metaspace       used 104387K, capacity 106720K, committed 107184K, reserved 1142784K
  class space    used 13288K, capacity 14190K, committed 14284K, reserved 1048576K
}
Event: 189,958 GC heap after
{Heap after GC invocations=35 (full 0):
 garbage-first heap   total 264192K, used 211841K [0x0000000080000000, 0x0000000100000000)
  region size 1024K, 2 young (2048K), 2 survivors (2048K)
 Metaspace       used 104387K, capacity 106720K, committed 107184K, reserved 1142784K
  class space    used 13288K, capacity 14190K, committed 14284K, reserved 1048576K
}
Event: 190,870 GC heap before
{Heap before GC invocations=36 (full 0):
 garbage-first heap   total 264192K, used 225153K [0x0000000080000000, 0x0000000100000000)
  region size 1024K, 14 young (14336K), 2 survivors (2048K)
 Metaspace       used 105497K, capacity 107882K, committed 108080K, reserved 1142784K
  class space    used 13428K, capacity 14358K, committed 14412K, reserved 1048576K
}
Event: 190,903 GC heap after
{Heap after GC invocations=37 (full 0):
 garbage-first heap   total 264192K, used 215874K [0x0000000080000000, 0x0000000100000000)
  region size 1024K, 2 young (2048K), 2 survivors (2048K)
 Metaspace       used 105497K, capacity 107882K, committed 108080K, reserved 1142784K
  class space    used 13428K, capacity 14358K, committed 14412K, reserved 1048576K
}
Event: 191,154 GC heap before
{Heap before GC invocations=37 (full 0):
 garbage-first heap   total 264192K, used 227138K [0x0000000080000000, 0x0000000100000000)
  region size 1024K, 13 young (13312K), 2 survivors (2048K)
 Metaspace       used 105519K, capacity 107886K, committed 108080K, reserved 1142784K
  class space    used 13431K, capacity 14359K, committed 14412K, reserved 1048576K
}
Event: 191,292 GC heap after
{Heap after GC invocations=38 (full 0):
 garbage-first heap   total 264192K, used 218721K [0x0000000080000000, 0x0000000100000000)
  region size 1024K, 2 young (2048K), 2 survivors (2048K)
 Metaspace       used 105519K, capacity 107886K, committed 108080K, reserved 1142784K
  class space    used 13431K, capacity 14359K, committed 14412K, reserved 1048576K
}
Event: 191,843 GC heap before
{Heap before GC invocations=38 (full 0):
 garbage-first heap   total 264192K, used 227937K [0x0000000080000000, 0x0000000100000000)
  region size 1024K, 12 young (12288K), 2 survivors (2048K)
 Metaspace       used 105909K, capacity 108312K, committed 108464K, reserved 1142784K
  class space    used 13476K, capacity 14413K, committed 14540K, reserved 1048576K
}
Event: 191,885 GC heap after
{Heap after GC invocations=39 (full 0):
 garbage-first heap   total 264192K, used 220978K [0x0000000080000000, 0x0000000100000000)
  region size 1024K, 2 young (2048K), 2 survivors (2048K)
 Metaspace       used 105909K, capacity 108312K, committed 108464K, reserved 1142784K
  class space    used 13476K, capacity 14413K, committed 14540K, reserved 1048576K
}
Event: 192,314 GC heap before
{Heap before GC invocations=39 (full 0):
 garbage-first heap   total 264192K, used 231218K [0x0000000080000000, 0x0000000100000000)
  region size 1024K, 12 young (12288K), 2 survivors (2048K)
 Metaspace       used 106128K, capacity 108550K, committed 108720K, reserved 1142784K
  class space    used 13490K, capacity 14425K, committed 14540K, reserved 1048576K
}
Event: 192,410 GC heap after
{Heap after GC invocations=40 (full 0):
 garbage-first heap   total 264192K, used 223451K [0x0000000080000000, 0x0000000100000000)
  region size 1024K, 2 young (2048K), 2 survivors (2048K)
 Metaspace       used 106128K, capacity 108550K, committed 108720K, reserved 1142784K
  class space    used 13490K, capacity 14425K, committed 14540K, reserved 1048576K
}
Event: 192,719 GC heap before
{Heap before GC invocations=40 (full 0):
 garbage-first heap   total 264192K, used 233691K [0x0000000080000000, 0x0000000100000000)
  region size 1024K, 12 young (12288K), 2 survivors (2048K)
 Metaspace       used 106229K, capacity 108624K, committed 108976K, reserved 1144832K
  class space    used 13498K, capacity 14428K, committed 14540K, reserved 1048576K
}

