# JRE version: OpenJDK Runtime Environment (11.0.8) (build 11.0.8+0-b944-P17168821)
# Java VM: OpenJDK 64-Bit Server VM (11.0.8+0-b944-6842174, mixed mode, tiered, compressed oops, g1 gc, linux-amd64)
Heap:
 garbage-first heap   total 588800K, used 245760K [0x0000000080000000, 0x0000000100000000)
  region size 1024K, 2 young (2048K), 2 survivors (2048K)
 Metaspace       used 123107K, capacity 126555K, committed 126884K, reserved 1159168K
  class space    used 15016K, capacity 16295K, committed 16384K, reserved 1048576K
GC Heap History (20 events):
Event: 1522,829 GC heap after
{Heap after GC invocations=38 (full 0):
 garbage-first heap   total 314368K, used 113057K [0x0000000080000000, 0x0000000100000000)
  region size 1024K, 1 young (1024K), 1 survivors (1024K)
 Metaspace       used 120250K, capacity 123591K, committed 123940K, reserved 1157120K
  class space    used 14734K, capacity 15964K, committed 16000K, reserved 1048576K
}
Event: 1525,263 GC heap before
{Heap before GC invocations=38 (full 0):
 garbage-first heap   total 314368K, used 224673K [0x0000000080000000, 0x0000000100000000)
  region size 1024K, 111 young (113664K), 1 survivors (1024K)
 Metaspace       used 121857K, capacity 125187K, committed 125476K, reserved 1159168K
  class space    used 14929K, capacity 16190K, committed 16256K, reserved 1048576K
}
Event: 1525,288 GC heap after
{Heap after GC invocations=39 (full 0):
 garbage-first heap   total 314368K, used 115279K [0x0000000080000000, 0x0000000100000000)
  region size 1024K, 4 young (4096K), 4 survivors (4096K)
 Metaspace       used 121857K, capacity 125187K, committed 125476K, reserved 1159168K
  class space    used 14929K, capacity 16190K, committed 16256K, reserved 1048576K
}
Event: 1527,296 GC heap before
{Heap before GC invocations=40 (full 0):
 garbage-first heap   total 314368K, used 253519K [0x0000000080000000, 0x0000000100000000)
  region size 1024K, 117 young (119808K), 4 survivors (4096K)
 Metaspace       used 122138K, capacity 125525K, committed 125988K, reserved 1159168K
  class space    used 14940K, capacity 16192K, committed 16256K, reserved 1048576K
}
Event: 1527,442 GC heap after
{Heap after GC invocations=41 (full 0):
 garbage-first heap   total 314368K, used 176320K [0x0000000080000000, 0x0000000100000000)
  region size 1024K, 15 young (15360K), 15 survivors (15360K)
 Metaspace       used 122138K, capacity 125525K, committed 125988K, reserved 1159168K
  class space    used 14940K, capacity 16192K, committed 16256K, reserved 1048576K
}
Event: 1527,476 GC heap before
{Heap before GC invocations=41 (full 0):
 garbage-first heap   total 314368K, used 177344K [0x0000000080000000, 0x0000000100000000)
  region size 1024K, 16 young (16384K), 15 survivors (15360K)
 Metaspace       used 122174K, capacity 125525K, committed 125988K, reserved 1159168K
  class space    used 14942K, capacity 16192K, committed 16256K, reserved 1048576K
}
Event: 1527,565 GC heap after
{Heap after GC invocations=42 (full 0):
 garbage-first heap   total 314368K, used 174080K [0x0000000080000000, 0x0000000100000000)
  region size 1024K, 1 young (1024K), 1 survivors (1024K)
 Metaspace       used 122174K, capacity 125525K, committed 125988K, reserved 1159168K
  class space    used 14942K, capacity 16192K, committed 16256K, reserved 1048576K
}
Event: 1528,264 GC heap before
{Heap before GC invocations=42 (full 0):
 garbage-first heap   total 314368K, used 242688K [0x0000000080000000, 0x0000000100000000)
  region size 1024K, 68 young (69632K), 1 survivors (1024K)
 Metaspace       used 122640K, capacity 125946K, committed 126244K, reserved 1159168K
  class space    used 14988K, capacity 16225K, committed 16256K, reserved 1048576K
}
Event: 1528,329 GC heap after
{Heap after GC invocations=43 (full 0):
 garbage-first heap   total 314368K, used 204800K [0x0000000080000000, 0x0000000100000000)
  region size 1024K, 9 young (9216K), 9 survivors (9216K)
 Metaspace       used 122640K, capacity 125946K, committed 126244K, reserved 1159168K
  class space    used 14988K, capacity 16225K, committed 16256K, reserved 1048576K
}
Event: 1528,937 GC heap before
{Heap before GC invocations=43 (full 0):
 garbage-first heap   total 314368K, used 246784K [0x0000000080000000, 0x0000000100000000)
  region size 1024K, 51 young (52224K), 9 survivors (9216K)
 Metaspace       used 122893K, capacity 126241K, committed 126628K, reserved 1159168K
  class space    used 15009K, capacity 16259K, committed 16384K, reserved 1048576K
}
Event: 1529,033 GC heap after
{Heap after GC invocations=44 (full 0):
 garbage-first heap   total 314368K, used 218112K [0x0000000080000000, 0x0000000100000000)
  region size 1024K, 7 young (7168K), 7 survivors (7168K)
 Metaspace       used 122893K, capacity 126241K, committed 126628K, reserved 1159168K
  class space    used 15009K, capacity 16259K, committed 16384K, reserved 1048576K
}
Event: 1529,371 GC heap before
{Heap before GC invocations=44 (full 0):
 garbage-first heap   total 314368K, used 252928K [0x0000000080000000, 0x0000000100000000)
  region size 1024K, 42 young (43008K), 7 survivors (7168K)
 Metaspace       used 122970K, capacity 126312K, committed 126628K, reserved 1159168K
  class space    used 15010K, capacity 16261K, committed 16384K, reserved 1048576K
}
Event: 1529,436 GC heap after
{Heap after GC invocations=45 (full 0):
 garbage-first heap   total 314368K, used 223232K [0x0000000080000000, 0x0000000100000000)
  region size 1024K, 5 young (5120K), 5 survivors (5120K)
 Metaspace       used 122970K, capacity 126312K, committed 126628K, reserved 1159168K
  class space    used 15010K, capacity 16261K, committed 16384K, reserved 1048576K
}
Event: 1529,844 GC heap before
{Heap before GC invocations=45 (full 0):
 garbage-first heap   total 314368K, used 256000K [0x0000000080000000, 0x0000000100000000)
  region size 1024K, 38 young (38912K), 5 survivors (5120K)
 Metaspace       used 122984K, capacity 126312K, committed 126628K, reserved 1159168K
  class space    used 15011K, capacity 16261K, committed 16384K, reserved 1048576K
}
Event: 1529,919 GC heap after
{Heap after GC invocations=46 (full 0):
 garbage-first heap   total 314368K, used 226297K [0x0000000080000000, 0x0000000100000000)
  region size 1024K, 4 young (4096K), 4 survivors (4096K)
 Metaspace       used 122984K, capacity 126312K, committed 126628K, reserved 1159168K
  class space    used 15011K, capacity 16261K, committed 16384K, reserved 1048576K
}
Event: 1530,629 GC heap before
{Heap before GC invocations=46 (full 0):
 garbage-first heap   total 314368K, used 261113K [0x0000000080000000, 0x0000000100000000)
  region size 1024K, 38 young (38912K), 4 survivors (4096K)
 Metaspace       used 123078K, capacity 126481K, committed 126884K, reserved 1159168K
  class space    used 15016K, capacity 16295K, committed 16384K, reserved 1048576K
}
Event: 1530,725 GC heap after
{Heap after GC invocations=47 (full 0):
 garbage-first heap   total 314368K, used 230246K [0x0000000080000000, 0x0000000100000000)
  region size 1024K, 3 young (3072K), 3 survivors (3072K)
 Metaspace       used 123078K, capacity 126481K, committed 126884K, reserved 1159168K
  class space    used 15016K, capacity 16295K, committed 16384K, reserved 1048576K
}
Event: 1532,087 GC heap before
{Heap before GC invocations=48 (full 0):
 garbage-first heap   total 314368K, used 271206K [0x0000000080000000, 0x0000000100000000)
  region size 1024K, 37 young (37888K), 3 survivors (3072K)
 Metaspace       used 123099K, capacity 126489K, committed 126884K, reserved 1159168K
  class space    used 15016K, capacity 16295K, committed 16384K, reserved 1048576K
}
Event: 1532,240 GC heap after
{Heap after GC invocations=49 (full 0):
 garbage-first heap   total 314368K, used 239976K [0x0000000080000000, 0x0000000100000000)
  region size 1024K, 4 young (4096K), 4 survivors (4096K)
 Metaspace       used 123099K, capacity 126489K, committed 126884K, reserved 1159168K
  class space    used 15016K, capacity 16295K, committed 16384K, reserved 1048576K
}
Event: 1533,300 GC heap before
{Heap before GC invocations=49 (full 0):
 garbage-first heap   total 314368K, used 255336K [0x0000000080000000, 0x0000000100000000)
  region size 1024K, 15 young (15360K), 4 survivors (4096K)
 Metaspace       used 123107K, capacity 126555K, committed 126884K, reserved 1159168K
  class space    used 15016K, capacity 16295K, committed 16384K, reserved 1048576K
}

