# JRE version: OpenJDK Runtime Environment (11.0.8) (build 11.0.8+0-b944-P17168821)
# Java VM: OpenJDK 64-Bit Server VM (11.0.8+0-b944-6842174, mixed mode, tiered, compressed oops, g1 gc, linux-amd64)
Heap:
 garbage-first heap   total 476160K, used 156672K [0x0000000080000000, 0x0000000100000000)
  region size 1024K, 11 young (11264K), 11 survivors (11264K)
 Metaspace       used 124328K, capacity 127567K, committed 127724K, reserved 1161216K
  class space    used 15599K, capacity 16796K, committed 16844K, reserved 1048576K
GC Heap History (20 events):
Event: 49,182 GC heap after
{Heap after GC invocations=31 (full 0):
 garbage-first heap   total 278528K, used 131584K [0x0000000080000000, 0x0000000100000000)
  region size 1024K, 6 young (6144K), 6 survivors (6144K)
 Metaspace       used 122160K, capacity 125146K, committed 125292K, reserved 1159168K
  class space    used 15339K, capacity 16434K, committed 16460K, reserved 1048576K
}
Event: 50,362 GC heap before
{Heap before GC invocations=31 (full 0):
 garbage-first heap   total 278528K, used 228864K [0x0000000080000000, 0x0000000100000000)
  region size 1024K, 101 young (103424K), 6 survivors (6144K)
 Metaspace       used 123864K, capacity 126959K, committed 127212K, reserved 1159168K
  class space    used 15565K, capacity 16737K, committed 16844K, reserved 1048576K
}
Event: 50,402 GC heap after
{Heap after GC invocations=32 (full 0):
 garbage-first heap   total 278528K, used 133120K [0x0000000080000000, 0x0000000100000000)
  region size 1024K, 7 young (7168K), 7 survivors (7168K)
 Metaspace       used 123864K, capacity 126959K, committed 127212K, reserved 1159168K
  class space    used 15565K, capacity 16737K, committed 16844K, reserved 1048576K
}
Event: 51,583 GC heap before
{Heap before GC invocations=32 (full 0):
 garbage-first heap   total 278528K, used 232448K [0x0000000080000000, 0x0000000100000000)
  region size 1024K, 103 young (105472K), 7 survivors (7168K)
 Metaspace       used 124096K, capacity 127346K, committed 127468K, reserved 1161216K
  class space    used 15592K, capacity 16791K, committed 16844K, reserved 1048576K
}
Event: 51,628 GC heap after
{Heap after GC invocations=33 (full 0):
 garbage-first heap   total 278528K, used 139656K [0x0000000080000000, 0x0000000100000000)
  region size 1024K, 13 young (13312K), 13 survivors (13312K)
 Metaspace       used 124096K, capacity 127346K, committed 127468K, reserved 1161216K
  class space    used 15592K, capacity 16791K, committed 16844K, reserved 1048576K
}
Event: 52,689 GC heap before
{Heap before GC invocations=34 (full 0):
 garbage-first heap   total 278528K, used 229768K [0x0000000080000000, 0x0000000100000000)
  region size 1024K, 102 young (104448K), 13 survivors (13312K)
 Metaspace       used 124148K, capacity 127349K, committed 127468K, reserved 1161216K
  class space    used 15592K, capacity 16791K, committed 16844K, reserved 1048576K
}
Event: 52,804 GC heap after
{Heap after GC invocations=35 (full 0):
 garbage-first heap   total 334848K, used 145975K [0x0000000080000000, 0x0000000100000000)
  region size 1024K, 9 young (9216K), 9 survivors (9216K)
 Metaspace       used 124148K, capacity 127349K, committed 127468K, reserved 1161216K
  class space    used 15592K, capacity 16791K, committed 16844K, reserved 1048576K
}
Event: 54,635 GC heap before
{Heap before GC invocations=35 (full 0):
 garbage-first heap   total 334848K, used 260663K [0x0000000080000000, 0x0000000100000000)
  region size 1024K, 121 young (123904K), 9 survivors (9216K)
 Metaspace       used 124202K, capacity 127419K, committed 127724K, reserved 1161216K
  class space    used 15597K, capacity 16792K, committed 16844K, reserved 1048576K
}
Event: 54,892 GC heap after
{Heap after GC invocations=36 (full 0):
 garbage-first heap   total 334848K, used 148480K [0x0000000080000000, 0x0000000100000000)
  region size 1024K, 3 young (3072K), 3 survivors (3072K)
 Metaspace       used 124202K, capacity 127419K, committed 127724K, reserved 1161216K
  class space    used 15597K, capacity 16792K, committed 16844K, reserved 1048576K
}
Event: 56,201 GC heap before
{Heap before GC invocations=36 (full 0):
 garbage-first heap   total 334848K, used 266240K [0x0000000080000000, 0x0000000100000000)
  region size 1024K, 118 young (120832K), 3 survivors (3072K)
 Metaspace       used 124228K, capacity 127421K, committed 127724K, reserved 1161216K
  class space    used 15597K, capacity 16792K, committed 16844K, reserved 1048576K
}
Event: 56,242 GC heap after
{Heap after GC invocations=37 (full 0):
 garbage-first heap   total 334848K, used 151040K [0x0000000080000000, 0x0000000100000000)
  region size 1024K, 5 young (5120K), 5 survivors (5120K)
 Metaspace       used 124228K, capacity 127421K, committed 127724K, reserved 1161216K
  class space    used 15597K, capacity 16792K, committed 16844K, reserved 1048576K
}
Event: 56,908 GC heap before
{Heap before GC invocations=37 (full 0):
 garbage-first heap   total 334848K, used 276992K [0x0000000080000000, 0x0000000100000000)
  region size 1024K, 128 young (131072K), 5 survivors (5120K)
 Metaspace       used 124243K, capacity 127486K, committed 127724K, reserved 1161216K
  class space    used 15597K, capacity 16792K, committed 16844K, reserved 1048576K
}
Event: 56,934 GC heap after
{Heap after GC invocations=38 (full 0):
 garbage-first heap   total 334848K, used 151937K [0x0000000080000000, 0x0000000100000000)
  region size 1024K, 6 young (6144K), 6 survivors (6144K)
 Metaspace       used 124243K, capacity 127486K, committed 127724K, reserved 1161216K
  class space    used 15597K, capacity 16792K, committed 16844K, reserved 1048576K
}
Event: 57,683 GC heap before
{Heap before GC invocations=38 (full 0):
 garbage-first heap   total 334848K, used 277889K [0x0000000080000000, 0x0000000100000000)
  region size 1024K, 129 young (132096K), 6 survivors (6144K)
 Metaspace       used 124260K, capacity 127499K, committed 127724K, reserved 1161216K
  class space    used 15599K, capacity 16795K, committed 16844K, reserved 1048576K
}
Event: 57,709 GC heap after
{Heap after GC invocations=39 (full 0):
 garbage-first heap   total 334848K, used 153088K [0x0000000080000000, 0x0000000100000000)
  region size 1024K, 7 young (7168K), 7 survivors (7168K)
 Metaspace       used 124260K, capacity 127499K, committed 127724K, reserved 1161216K
  class space    used 15599K, capacity 16795K, committed 16844K, reserved 1048576K
}
Event: 58,364 GC heap before
{Heap before GC invocations=39 (full 0):
 garbage-first heap   total 334848K, used 280064K [0x0000000080000000, 0x0000000100000000)
  region size 1024K, 131 young (134144K), 7 survivors (7168K)
 Metaspace       used 124293K, capacity 127501K, committed 127724K, reserved 1161216K
  class space    used 15599K, capacity 16796K, committed 16844K, reserved 1048576K
}
Event: 58,395 GC heap after
{Heap after GC invocations=40 (full 0):
 garbage-first heap   total 334848K, used 153600K [0x0000000080000000, 0x0000000100000000)
  region size 1024K, 8 young (8192K), 8 survivors (8192K)
 Metaspace       used 124293K, capacity 127501K, committed 127724K, reserved 1161216K
  class space    used 15599K, capacity 16796K, committed 16844K, reserved 1048576K
}
Event: 59,106 GC heap before
{Heap before GC invocations=40 (full 0):
 garbage-first heap   total 334848K, used 283648K [0x0000000080000000, 0x0000000100000000)
  region size 1024K, 135 young (138240K), 8 survivors (8192K)
 Metaspace       used 124305K, capacity 127503K, committed 127724K, reserved 1161216K
  class space    used 15599K, capacity 16796K, committed 16844K, reserved 1048576K
}
Event: 59,158 GC heap after
{Heap after GC invocations=41 (full 0):
 garbage-first heap   total 334848K, used 154624K [0x0000000080000000, 0x0000000100000000)
  region size 1024K, 9 young (9216K), 9 survivors (9216K)
 Metaspace       used 124305K, capacity 127503K, committed 127724K, reserved 1161216K
  class space    used 15599K, capacity 16796K, committed 16844K, reserved 1048576K
}
Event: 60,179 GC heap before
{Heap before GC invocations=41 (full 0):
 garbage-first heap   total 334848K, used 287744K [0x0000000080000000, 0x0000000100000000)
  region size 1024K, 139 young (142336K), 9 survivors (9216K)
 Metaspace       used 124328K, capacity 127567K, committed 127724K, reserved 1161216K
  class space    used 15599K, capacity 16796K, committed 16844K, reserved 1048576K
}

