# JRE version: OpenJDK Runtime Environment (11.0.8) (build 11.0.8+0-b944-P17168821)
# Java VM: OpenJDK 64-Bit Server VM (11.0.8+0-b944-6842174, mixed mode, tiered, compressed oops, g1 gc, linux-amd64)
Heap:
 garbage-first heap   total 451584K, used 74865K [0x0000000080000000, 0x0000000100000000)
  region size 1024K, 12 young (12288K), 12 survivors (12288K)
 Metaspace       used 85203K, capacity 87104K, committed 87372K, reserved 1124352K
  class space    used 10939K, capacity 11645K, committed 11648K, reserved 1048576K
GC Heap History (20 events):
Event: 7,696 GC heap after
{Heap after GC invocations=10 (full 0):
 garbage-first heap   total 150528K, used 21789K [0x0000000080000000, 0x0000000100000000)
  region size 1024K, 4 young (4096K), 4 survivors (4096K)
 Metaspace       used 34957K, capacity 35595K, committed 35840K, reserved 1081344K
  class space    used 4543K, capacity 4816K, committed 4864K, reserved 1048576K
}
Event: 9,706 GC heap before
{Heap before GC invocations=11 (full 0):
 garbage-first heap   total 150528K, used 75037K [0x0000000080000000, 0x0000000100000000)
  region size 1024K, 52 young (53248K), 4 survivors (4096K)
 Metaspace       used 39967K, capacity 40826K, committed 41088K, reserved 1085440K
  class space    used 5077K, capacity 5422K, committed 5504K, reserved 1048576K
}
Event: 9,797 GC heap after
{Heap after GC invocations=12 (full 0):
 garbage-first heap   total 200704K, used 24741K [0x0000000080000000, 0x0000000100000000)
  region size 1024K, 5 young (5120K), 5 survivors (5120K)
 Metaspace       used 39967K, capacity 40826K, committed 41088K, reserved 1085440K
  class space    used 5077K, capacity 5422K, committed 5504K, reserved 1048576K
}
Event: 11,161 GC heap before
{Heap before GC invocations=12 (full 0):
 garbage-first heap   total 200704K, used 56485K [0x0000000080000000, 0x0000000100000000)
  region size 1024K, 36 young (36864K), 5 survivors (5120K)
 Metaspace       used 42501K, capacity 43493K, committed 43776K, reserved 1087488K
  class space    used 5456K, capacity 5848K, committed 5888K, reserved 1048576K
}
Event: 11,220 GC heap after
{Heap after GC invocations=13 (full 0):
 garbage-first heap   total 200704K, used 26698K [0x0000000080000000, 0x0000000100000000)
  region size 1024K, 2 young (2048K), 2 survivors (2048K)
 Metaspace       used 42501K, capacity 43493K, committed 43776K, reserved 1087488K
  class space    used 5456K, capacity 5848K, committed 5888K, reserved 1048576K
}
Event: 13,800 GC heap before
{Heap before GC invocations=13 (full 0):
 garbage-first heap   total 200704K, used 67658K [0x0000000080000000, 0x0000000100000000)
  region size 1024K, 42 young (43008K), 2 survivors (2048K)
 Metaspace       used 44158K, capacity 45183K, committed 45568K, reserved 1089536K
  class space    used 5636K, capacity 6024K, committed 6144K, reserved 1048576K
}
Event: 13,887 GC heap after
{Heap after GC invocations=14 (full 0):
 garbage-first heap   total 200704K, used 29480K [0x0000000080000000, 0x0000000100000000)
  region size 1024K, 5 young (5120K), 5 survivors (5120K)
 Metaspace       used 44158K, capacity 45183K, committed 45568K, reserved 1089536K
  class space    used 5636K, capacity 6024K, committed 6144K, reserved 1048576K
}
Event: 15,781 GC heap before
{Heap before GC invocations=14 (full 0):
 garbage-first heap   total 200704K, used 75560K [0x0000000080000000, 0x0000000100000000)
  region size 1024K, 45 young (46080K), 5 survivors (5120K)
 Metaspace       used 46272K, capacity 47434K, committed 47616K, reserved 1091584K
  class space    used 5909K, capacity 6372K, committed 6400K, reserved 1048576K
}
Event: 15,829 GC heap after
{Heap after GC invocations=15 (full 0):
 garbage-first heap   total 200704K, used 43811K [0x0000000080000000, 0x0000000100000000)
  region size 1024K, 6 young (6144K), 6 survivors (6144K)
 Metaspace       used 46272K, capacity 47434K, committed 47616K, reserved 1091584K
  class space    used 5909K, capacity 6372K, committed 6400K, reserved 1048576K
}
Event: 17,942 GC heap before
{Heap before GC invocations=15 (full 0):
 garbage-first heap   total 200704K, used 91939K [0x0000000080000000, 0x0000000100000000)
  region size 1024K, 53 young (54272K), 6 survivors (6144K)
 Metaspace       used 53172K, capacity 54457K, committed 54656K, reserved 1097728K
  class space    used 6734K, capacity 7195K, committed 7296K, reserved 1048576K
}
Event: 17,961 GC heap after
{Heap after GC invocations=16 (full 0):
 garbage-first heap   total 329728K, used 45484K [0x0000000080000000, 0x0000000100000000)
  region size 1024K, 2 young (2048K), 2 survivors (2048K)
 Metaspace       used 53172K, capacity 54457K, committed 54656K, reserved 1097728K
  class space    used 6734K, capacity 7195K, committed 7296K, reserved 1048576K
}
Event: 19,846 GC heap before
{Heap before GC invocations=16 (full 0):
 garbage-first heap   total 329728K, used 99756K [0x0000000080000000, 0x0000000100000000)
  region size 1024K, 55 young (56320K), 2 survivors (2048K)
 Metaspace       used 58720K, capacity 60104K, committed 60160K, reserved 1101824K
  class space    used 7417K, capacity 7936K, committed 7936K, reserved 1048576K
}
Event: 19,905 GC heap after
{Heap after GC invocations=17 (full 0):
 garbage-first heap   total 329728K, used 49159K [0x0000000080000000, 0x0000000100000000)
  region size 1024K, 6 young (6144K), 6 survivors (6144K)
 Metaspace       used 58720K, capacity 60104K, committed 60160K, reserved 1101824K
  class space    used 7417K, capacity 7936K, committed 7936K, reserved 1048576K
}
Event: 21,911 GC heap before
{Heap before GC invocations=18 (full 0):
 garbage-first heap   total 329728K, used 109575K [0x0000000080000000, 0x0000000100000000)
  region size 1024K, 65 young (66560K), 6 survivors (6144K)
 Metaspace       used 63040K, capacity 64532K, committed 64844K, reserved 1105920K
  class space    used 7963K, capacity 8532K, committed 8576K, reserved 1048576K
}
Event: 21,970 GC heap after
{Heap after GC invocations=19 (full 0):
 garbage-first heap   total 329728K, used 54614K [0x0000000080000000, 0x0000000100000000)
  region size 1024K, 9 young (9216K), 9 survivors (9216K)
 Metaspace       used 63040K, capacity 64532K, committed 64844K, reserved 1105920K
  class space    used 7963K, capacity 8532K, committed 8576K, reserved 1048576K
}
Event: 27,938 GC heap before
{Heap before GC invocations=19 (full 0):
 garbage-first heap   total 329728K, used 206166K [0x0000000080000000, 0x0000000100000000)
  region size 1024K, 157 young (160768K), 9 survivors (9216K)
 Metaspace       used 78840K, capacity 80593K, committed 80844K, reserved 1120256K
  class space    used 10209K, capacity 10891K, committed 11008K, reserved 1048576K
}
Event: 28,142 GC heap after
{Heap after GC invocations=20 (full 0):
 garbage-first heap   total 329728K, used 64342K [0x0000000080000000, 0x0000000100000000)
  region size 1024K, 19 young (19456K), 19 survivors (19456K)
 Metaspace       used 78840K, capacity 80593K, committed 80844K, reserved 1120256K
  class space    used 10209K, capacity 10891K, committed 11008K, reserved 1048576K
}
Event: 33,192 GC heap before
{Heap before GC invocations=20 (full 0):
 garbage-first heap   total 329728K, used 160598K [0x0000000080000000, 0x0000000100000000)
  region size 1024K, 114 young (116736K), 19 survivors (19456K)
 Metaspace       used 80564K, capacity 82468K, committed 82764K, reserved 1120256K
  class space    used 10364K, capacity 11083K, committed 11136K, reserved 1048576K
}
Event: 33,361 GC heap after
{Heap after GC invocations=21 (full 0):
 garbage-first heap   total 329728K, used 69233K [0x0000000080000000, 0x0000000100000000)
  region size 1024K, 6 young (6144K), 6 survivors (6144K)
 Metaspace       used 80564K, capacity 82468K, committed 82764K, reserved 1120256K
  class space    used 10364K, capacity 11083K, committed 11136K, reserved 1048576K
}
Event: 37,826 GC heap before
{Heap before GC invocations=21 (full 0):
 garbage-first heap   total 329728K, used 193137K [0x0000000080000000, 0x0000000100000000)
  region size 1024K, 128 young (131072K), 6 survivors (6144K)
 Metaspace       used 85203K, capacity 87104K, committed 87372K, reserved 1124352K
  class space    used 10939K, capacity 11645K, committed 11648K, reserved 1048576K
}

